Log file open, 01/29/22 01:51:04
LogWindows: Failed to load 'aqProf.dll' (GetLastError=126)
LogWindows: File 'aqProf.dll' does not exist
LogWindows: Failed to load 'VtuneApi.dll' (GetLastError=126)
LogWindows: File 'VtuneApi.dll' does not exist
LogWindows: Failed to load 'VtuneApi32e.dll' (GetLastError=126)
LogWindows: File 'VtuneApi32e.dll' does not exist
LogConsoleResponse: Display: Failed to find resolution value strings in scalability ini. Falling back to default.
LogConsoleResponse: Display: Failed to find resolution value strings in scalability ini. Falling back to default.
LogInit: Display: Running engine for game: GlobalGameJam
LogPlatformFile: Not using cached read wrapper
LogTaskGraph: Started task graph with 5 named threads and 11 total threads with 3 sets of task threads.
LogStats: Stats thread started at 0.358544
LogICUInternationalization: ICU TimeZone Detection - Raw Offset: -5:00, Platform Override: ''
LogInit: Display: Loading text-based GConfig....
LogPluginManager: Mounting plugin MeshPainting
LogPluginManager: Mounting plugin XGEController
LogPluginManager: Mounting plugin AISupport
LogPluginManager: Mounting plugin Paper2D
LogPluginManager: Mounting plugin LiveLink
LogPluginManager: Mounting plugin EnvironmentQueryEditor
LogPluginManager: Mounting plugin LightPropagationVolume
LogPluginManager: Mounting plugin CameraShakePreviewer
LogPluginManager: Mounting plugin OodleData
LogPluginManager: Mounting plugin GameplayCameras
LogPluginManager: Mounting plugin OodleNetwork
LogPluginManager: Mounting plugin AnimationSharing
LogPluginManager: Mounting plugin CLionSourceCodeAccess
LogPluginManager: Mounting plugin GitSourceControl
LogPluginManager: Mounting plugin CodeLiteSourceCodeAccess
LogPluginManager: Mounting plugin KDevelopSourceCodeAccess
LogPluginManager: Mounting plugin PerforceSourceControl
LogPluginManager: Mounting plugin NullSourceCodeAccess
LogPluginManager: Mounting plugin PixWinPlugin
LogPluginManager: Mounting plugin PlasticSourceControl
LogPluginManager: Mounting plugin PluginUtils
LogPluginManager: Mounting plugin PropertyAccessNode
LogPluginManager: Mounting plugin RiderSourceCodeAccess
LogPluginManager: Mounting plugin SubversionSourceControl
LogPluginManager: Mounting plugin TextureFormatOodle
LogPluginManager: Mounting plugin UObjectPlugin
LogPluginManager: Mounting plugin VisualStudioCodeSourceCodeAccess
LogPluginManager: Mounting plugin VisualStudioSourceCodeAccess
LogPluginManager: Mounting plugin AssetManagerEditor
LogPluginManager: Mounting plugin XCodeSourceCodeAccess
LogPluginManager: Mounting plugin CryptoKeys
LogPluginManager: Mounting plugin CurveEditorTools
LogPluginManager: Mounting plugin DataValidation
LogPluginManager: Mounting plugin FacialAnimation
LogPluginManager: Mounting plugin GameplayTagsEditor
LogPluginManager: Mounting plugin GeometryMode
LogPluginManager: Mounting plugin MaterialAnalyzer
LogPluginManager: Mounting plugin MacGraphicsSwitching
LogPluginManager: Mounting plugin MobileLauncherProfileWizard
LogPluginManager: Mounting plugin PluginBrowser
LogPluginManager: Mounting plugin SpeedTreeImporter
LogPluginManager: Mounting plugin DatasmithContent
LogPluginManager: Mounting plugin VariantManagerContent
LogPluginManager: Mounting plugin AlembicImporter
LogPluginManager: Mounting plugin AutomationUtils
LogPluginManager: Mounting plugin BackChannel
LogPluginManager: Mounting plugin ChaosCloth
LogPluginManager: Mounting plugin ChaosClothEditor
LogPluginManager: Mounting plugin ChaosNiagara
LogPluginManager: Mounting plugin ChaosEditor
LogPluginManager: Mounting plugin ChaosSolverPlugin
LogPluginManager: Mounting plugin CharacterAI
LogPluginManager: Mounting plugin Niagara
LogPluginManager: Mounting plugin GeometryCache
LogPluginManager: Mounting plugin GeometryCollectionPlugin
LogPluginManager: Mounting plugin GeometryProcessing
LogPluginManager: Mounting plugin MotoSynth
LogPluginManager: Mounting plugin OpenImageDenoise
LogPluginManager: Mounting plugin PlanarCut
LogPluginManager: Mounting plugin PlatformCrypto
LogPluginManager: Mounting plugin ProxyLODPlugin
LogPluginManager: Mounting plugin PythonScriptPlugin
LogPluginManager: Mounting plugin SkeletalReduction
LogPluginManager: Mounting plugin LuminPlatformFeatures
LogPluginManager: Mounting plugin MagicLeap
LogPluginManager: Mounting plugin MagicLeapLightEstimation
LogPluginManager: Mounting plugin MagicLeapMedia
LogPluginManager: Mounting plugin MagicLeapPassableWorld
LogPluginManager: Mounting plugin MLSDK
LogPluginManager: Mounting plugin AndroidMedia
LogPluginManager: Mounting plugin AvfMedia
LogPluginManager: Mounting plugin ImgMedia
LogPluginManager: Mounting plugin MediaCompositing
LogPluginManager: Mounting plugin MediaPlayerEditor
LogPluginManager: Mounting plugin WebMMedia
LogPluginManager: Mounting plugin WmfMedia
LogPluginManager: Mounting plugin TcpMessaging
LogPluginManager: Mounting plugin UdpMessaging
LogPluginManager: Mounting plugin ActorSequence
LogPluginManager: Mounting plugin LevelSequenceEditor
LogPluginManager: Mounting plugin MatineeToLevelSequence
LogPluginManager: Mounting plugin TemplateSequence
LogPluginManager: Mounting plugin OnlineSubsystem
LogPluginManager: Mounting plugin OnlineSubsystemNull
LogPluginManager: Mounting plugin OnlineSubsystemUtils
LogPluginManager: Mounting plugin LauncherChunkInstaller
LogPluginManager: Mounting plugin ActorLayerUtilities
LogPluginManager: Mounting plugin AndroidDeviceProfileSelector
LogPluginManager: Mounting plugin AndroidMoviePlayer
LogPluginManager: Mounting plugin AndroidPermission
LogPluginManager: Mounting plugin AppleImageUtils
LogPluginManager: Mounting plugin ArchVisCharacter
LogPluginManager: Mounting plugin AssetTags
LogPluginManager: Mounting plugin AppleMoviePlayer
LogPluginManager: Mounting plugin AudioCapture
LogPluginManager: Mounting plugin AudioSynesthesia
LogPluginManager: Mounting plugin CableComponent
LogPluginManager: Mounting plugin ChunkDownloader
LogPluginManager: Mounting plugin CustomMeshComponent
LogPluginManager: Mounting plugin EditableMesh
LogPluginManager: Mounting plugin ExampleDeviceProfileSelector
LogPluginManager: Mounting plugin GooglePAD
LogPluginManager: Mounting plugin GoogleCloudMessaging
LogPluginManager: Mounting plugin IOSDeviceProfileSelector
LogPluginManager: Mounting plugin LinuxDeviceProfileSelector
LogPluginManager: Mounting plugin LocationServicesBPLibrary
LogPluginManager: Mounting plugin MobilePatchingUtils
LogPluginManager: Mounting plugin OpenXR
LogPluginManager: Mounting plugin OpenXREyeTracker
LogPluginManager: Mounting plugin OpenXRHandTracking
LogPluginManager: Mounting plugin PhysXVehicles
LogPluginManager: Mounting plugin PostSplashScreen
LogPluginManager: Mounting plugin ProceduralMeshComponent
LogPluginManager: Mounting plugin PropertyAccessEditor
LogPluginManager: Mounting plugin RuntimePhysXCooking
LogPluginManager: Mounting plugin SignificanceManager
LogPluginManager: Mounting plugin SoundFields
LogPluginManager: Mounting plugin Synthesis
LogPluginManager: Mounting plugin WebMMoviePlayer
LogPluginManager: Mounting plugin WindowsMoviePlayer
LogPluginManager: Mounting plugin ScreenshotTools
LogPluginManager: Mounting plugin Takes
LogPluginManager: Mounting plugin ContentBrowserAssetDataSource
LogPluginManager: Mounting plugin ContentBrowserClassDataSource
LogPluginManager: Mounting plugin ContentBrowserFileDataSource
LogPluginManager: Mounting plugin OnlineSubsystemGooglePlay
LogPluginManager: Mounting plugin OnlineSubsystemIOS
LogPluginManager: Mounting plugin OculusVR
LogPluginManager: Mounting plugin SteamVR
PixWinPlugin: PIX capture plugin failed to initialize! Check that the process is launched from PIX.
LogInit: Using libcurl 7.55.1-DEV
LogInit:  - built for x86_64-pc-win32
LogInit:  - supports SSL with OpenSSL/1.1.1
LogInit:  - supports HTTP deflate (compression) using libz 1.2.8
LogInit:  - other features:
LogInit:      CURL_VERSION_SSL
LogInit:      CURL_VERSION_LIBZ
LogInit:      CURL_VERSION_IPV6
LogInit:      CURL_VERSION_ASYNCHDNS
LogInit:      CURL_VERSION_LARGEFILE
LogInit:      CURL_VERSION_IDN
LogInit:  CurlRequestOptions (configurable via config and command line):
LogInit:  - bVerifyPeer = true  - Libcurl will verify peer certificate
LogInit:  - bUseHttpProxy = false  - Libcurl will NOT use HTTP proxy
LogInit:  - bDontReuseConnections = false  - Libcurl will reuse connections
LogInit:  - MaxHostConnections = 16  - Libcurl will limit the number of connections to a host
LogInit:  - LocalHostAddr = Default
LogInit:  - BufferSize = 65536
LogOnline: OSS: Creating online subsystem instance for: NULL
LogInit: WinSock: version 1.1 (2.2), MaxSocks=32767, MaxUdp=65467
LogOnline: OSS: TryLoadSubsystemAndSetDefault: Loaded subsystem for module [NULL]
LogOculusPluginWrapper: OculusPlugin initialized successfully
LogHMD: Failed initializing OVRPlugin 1.59.0
LogInit: Build: ++UE4+Release-4.27-CL-18319896
LogInit: Engine Version: 4.27.2-18319896+++UE4+Release-4.27
LogInit: Compatible Engine Version: 4.27.0-17155196+++UE4+Release-4.27
LogInit: Net CL: 17155196
LogInit: OS: Windows 10 (Release 2009) (), CPU: Intel(R) Core(TM) i7-6500U CPU @ 2.50GHz, GPU: Intel(R) HD Graphics 520
LogInit: Compiled (64-bit): Nov 30 2021 07:12:08
LogInit: Compiled with Visual C++: 19.24.28315.00
LogInit: Build Configuration: Development
LogInit: Branch Name: ++UE4+Release-4.27
LogInit: Command Line:  -EpicPortal -epicusername=ElvenKingLoki -epicuserid=c148e13c7a5a4954af4174b976950e44 -epiclocale=en -epicsandboxid=ue
LogInit: Base Directory: C:/Program Files/Epic Games/UE_4.27/Engine/Binaries/Win64/
LogInit: Allocator: TBB
LogInit: Installed Engine Build: 1
LogDevObjectVersion: Number of dev versions registered: 29
LogDevObjectVersion:   Dev-Blueprints (B0D832E4-1F89-4F0D-ACCF-7EB736FD4AA2): 10
LogDevObjectVersion:   Dev-Build (E1C64328-A22C-4D53-A36C-8E866417BD8C): 0
LogDevObjectVersion:   Dev-Core (375EC13C-06E4-48FB-B500-84F0262A717E): 4
LogDevObjectVersion:   Dev-Editor (E4B068ED-F494-42E9-A231-DA0B2E46BB41): 40
LogDevObjectVersion:   Dev-Framework (CFFC743F-43B0-4480-9391-14DF171D2073): 37
LogDevObjectVersion:   Dev-Mobile (B02B49B5-BB20-44E9-A304-32B752E40360): 3
LogDevObjectVersion:   Dev-Networking (A4E4105C-59A1-49B5-A7C5-40C4547EDFEE): 0
LogDevObjectVersion:   Dev-Online (39C831C9-5AE6-47DC-9A44-9C173E1C8E7C): 0
LogDevObjectVersion:   Dev-Physics (78F01B33-EBEA-4F98-B9B4-84EACCB95AA2): 14
LogDevObjectVersion:   Dev-Platform (6631380F-2D4D-43E0-8009-CF276956A95A): 0
LogDevObjectVersion:   Dev-Rendering (12F88B9F-8875-4AFC-A67C-D90C383ABD29): 45
LogDevObjectVersion:   Dev-Sequencer (7B5AE74C-D270-4C10-A958-57980B212A5A): 13
LogDevObjectVersion:   Dev-VR (D7296918-1DD6-4BDD-9DE2-64A83CC13884): 3
LogDevObjectVersion:   Dev-LoadTimes (C2A15278-BFE7-4AFE-6C17-90FF531DF755): 1
LogDevObjectVersion:   Private-Geometry (6EACA3D4-40EC-4CC1-B786-8BED09428FC5): 3
LogDevObjectVersion:   Dev-AnimPhys (29E575DD-E0A3-4627-9D10-D276232CDCEA): 17
LogDevObjectVersion:   Dev-Anim (AF43A65D-7FD3-4947-9873-3E8ED9C1BB05): 15
LogDevObjectVersion:   Dev-ReflectionCapture (6B266CEC-1EC7-4B8F-A30B-E4D90942FC07): 1
LogDevObjectVersion:   Dev-Automation (0DF73D61-A23F-47EA-B727-89E90C41499A): 1
LogDevObjectVersion:   FortniteMain (601D1886-AC64-4F84-AA16-D3DE0DEAC7D6): 47
LogDevObjectVersion:   FortniteRelease (E7086368-6B23-4C58-8439-1B7016265E91): 1
LogDevObjectVersion:   Dev-Enterprise (9DFFBCD6-494F-0158-E221-12823C92A888): 10
LogDevObjectVersion:   Dev-Niagara (F2AED0AC-9AFE-416F-8664-AA7FFA26D6FC): 1
LogDevObjectVersion:   Dev-Destruction (174F1F0B-B4C6-45A5-B13F-2EE8D0FB917D): 10
LogDevObjectVersion:   Dev-Physics-Ext (35F94A83-E258-406C-A318-09F59610247C): 41
LogDevObjectVersion:   Dev-PhysicsMaterial-Chaos (B68FC16E-8B1B-42E2-B453-215C058844FE): 1
LogDevObjectVersion:   Dev-CineCamera (B2E18506-4273-CFC2-A54E-F4BB758BBA07): 1
LogDevObjectVersion:   Dev-VirtualProduction (64F58936-FD1B-42BA-BA96-7289D5D0FA4E): 1
LogDevObjectVersion:   Dev-MediaFramework (6F0ED827-A609-4895-9C91-998D90180EA4): 2
LogInit: Presizing for max 25165824 objects, including 0 objects not considered by GC, pre-allocating 0 bytes for permanent pool.
LogConfig: Applying CVar settings from Section [/Script/Engine.StreamingSettings] File [C:/Users/Phoen/Documents/Unreal Projects/GlobalGameJam/Saved/Config/Windows/Engine.ini]
LogConfig: Setting CVar [[s.MinBulkDataSizeForAsyncLoading:131072]]
LogConfig: Setting CVar [[s.AsyncLoadingThreadEnabled:0]]
LogConfig: Setting CVar [[s.EventDrivenLoaderEnabled:1]]
LogConfig: Setting CVar [[s.WarnIfTimeLimitExceeded:0]]
LogConfig: Setting CVar [[s.TimeLimitExceededMultiplier:1.5]]
LogConfig: Setting CVar [[s.TimeLimitExceededMinTime:0.005]]
LogConfig: Setting CVar [[s.UseBackgroundLevelStreaming:1]]
LogConfig: Setting CVar [[s.PriorityAsyncLoadingExtraTime:15.0]]
LogConfig: Setting CVar [[s.LevelStreamingActorsUpdateTimeLimit:5.0]]
LogConfig: Setting CVar [[s.PriorityLevelStreamingActorsUpdateExtraTime:5.0]]
LogConfig: Setting CVar [[s.LevelStreamingComponentsRegistrationGranularity:10]]
LogConfig: Setting CVar [[s.UnregisterComponentsTimeLimit:1.0]]
LogConfig: Setting CVar [[s.LevelStreamingComponentsUnregistrationGranularity:5]]
LogConfig: Setting CVar [[s.FlushStreamingOnExit:1]]
LogInit: Object subsystem initialized
LogConfig: Setting CVar [[con.DebugEarlyDefault:1]]
LogConfig: Setting CVar [[r.setres:1280x720]]
[2022.01.29-06.51.05:601][  0]LogConfig: Setting CVar [[r.VSync:0]]
[2022.01.29-06.51.05:601][  0]LogConfig: Setting CVar [[r.RHICmdBypass:0]]
[2022.01.29-06.51.05:601][  0]LogConfig: Applying CVar settings from Section [/Script/Engine.RendererSettings] File [C:/Users/Phoen/Documents/Unreal Projects/GlobalGameJam/Saved/Config/Windows/Engine.ini]
[2022.01.29-06.51.05:601][  0]LogConfig: Setting CVar [[r.GPUCrashDebugging:0]]
[2022.01.29-06.51.05:601][  0]LogConfig: Setting CVar [[r.ReflectionCaptureResolution:1024]]
[2022.01.29-06.51.05:601][  0]LogConfig: Applying CVar settings from Section [/Script/Engine.RendererOverrideSettings] File [C:/Users/Phoen/Documents/Unreal Projects/GlobalGameJam/Saved/Config/Windows/Engine.ini]
[2022.01.29-06.51.05:601][  0]LogConfig: Applying CVar settings from Section [/Script/Engine.StreamingSettings] File [C:/Users/Phoen/Documents/Unreal Projects/GlobalGameJam/Saved/Config/Windows/Engine.ini]
[2022.01.29-06.51.05:601][  0]LogConfig: Setting CVar [[s.MinBulkDataSizeForAsyncLoading:131072]]
[2022.01.29-06.51.05:601][  0]LogConfig: Setting CVar [[s.AsyncLoadingThreadEnabled:0]]
[2022.01.29-06.51.05:601][  0]LogConfig: Setting CVar [[s.EventDrivenLoaderEnabled:1]]
[2022.01.29-06.51.05:601][  0]LogConfig: Setting CVar [[s.WarnIfTimeLimitExceeded:0]]
[2022.01.29-06.51.05:601][  0]LogConfig: Setting CVar [[s.TimeLimitExceededMultiplier:1.5]]
[2022.01.29-06.51.05:601][  0]LogConfig: Setting CVar [[s.TimeLimitExceededMinTime:0.005]]
[2022.01.29-06.51.05:601][  0]LogConfig: Setting CVar [[s.UseBackgroundLevelStreaming:1]]
[2022.01.29-06.51.05:601][  0]LogConfig: Setting CVar [[s.PriorityAsyncLoadingExtraTime:15.0]]
[2022.01.29-06.51.05:601][  0]LogConfig: Setting CVar [[s.LevelStreamingActorsUpdateTimeLimit:5.0]]
[2022.01.29-06.51.05:601][  0]LogConfig: Setting CVar [[s.PriorityLevelStreamingActorsUpdateExtraTime:5.0]]
[2022.01.29-06.51.05:601][  0]LogConfig: Setting CVar [[s.LevelStreamingComponentsRegistrationGranularity:10]]
[2022.01.29-06.51.05:601][  0]LogConfig: Setting CVar [[s.UnregisterComponentsTimeLimit:1.0]]
[2022.01.29-06.51.05:601][  0]LogConfig: Setting CVar [[s.LevelStreamingComponentsUnregistrationGranularity:5]]
[2022.01.29-06.51.05:601][  0]LogConfig: Setting CVar [[s.FlushStreamingOnExit:1]]
[2022.01.29-06.51.05:601][  0]LogConfig: Applying CVar settings from Section [/Script/Engine.GarbageCollectionSettings] File [C:/Users/Phoen/Documents/Unreal Projects/GlobalGameJam/Saved/Config/Windows/Engine.ini]
[2022.01.29-06.51.05:601][  0]LogConfig: Setting CVar [[gc.MaxObjectsNotConsideredByGC:1]]
[2022.01.29-06.51.05:601][  0]LogConfig: Setting CVar [[gc.SizeOfPermanentObjectPool:0]]
[2022.01.29-06.51.05:601][  0]LogConfig: Setting CVar [[gc.FlushStreamingOnGC:0]]
[2022.01.29-06.51.05:601][  0]LogConfig: Setting CVar [[gc.NumRetriesBeforeForcingGC:10]]
[2022.01.29-06.51.05:601][  0]LogConfig: Setting CVar [[gc.AllowParallelGC:1]]
[2022.01.29-06.51.05:601][  0]LogConfig: Setting CVar [[gc.TimeBetweenPurgingPendingKillObjects:61.1]]
[2022.01.29-06.51.05:601][  0]LogConfig: Setting CVar [[gc.MaxObjectsInEditor:25165824]]
[2022.01.29-06.51.05:601][  0]LogConfig: Setting CVar [[gc.IncrementalBeginDestroyEnabled:1]]
[2022.01.29-06.51.05:601][  0]LogConfig: Setting CVar [[gc.CreateGCClusters:1]]
[2022.01.29-06.51.05:601][  0]LogConfig: Setting CVar [[gc.MinGCClusterSize:5]]
[2022.01.29-06.51.05:602][  0]LogConfig: Setting CVar [[gc.ActorClusteringEnabled:0]]
[2022.01.29-06.51.05:602][  0]LogConfig: Setting CVar [[gc.BlueprintClusteringEnabled:0]]
[2022.01.29-06.51.05:602][  0]LogConfig: Setting CVar [[gc.UseDisregardForGCOnDedicatedServers:0]]
[2022.01.29-06.51.05:602][  0]LogConfig: Setting CVar [[gc.MultithreadedDestructionEnabled:1]]
[2022.01.29-06.51.05:602][  0]LogConfig: Applying CVar settings from Section [/Script/Engine.NetworkSettings] File [C:/Users/Phoen/Documents/Unreal Projects/GlobalGameJam/Saved/Config/Windows/Engine.ini]
[2022.01.29-06.51.05:602][  0]LogConfig: Applying CVar settings from Section [/Script/UnrealEd.CookerSettings] File [C:/Users/Phoen/Documents/Unreal Projects/GlobalGameJam/Saved/Config/Windows/Engine.ini]
[2022.01.29-06.51.05:609][  0]LogConfig: Applying CVar settings from Section [ViewDistanceQuality@3] File [C:/Users/Phoen/Documents/Unreal Projects/GlobalGameJam/Saved/Config/Windows/Scalability.ini]
[2022.01.29-06.51.05:609][  0]LogConfig: Setting CVar [[r.SkeletalMeshLODBias:0]]
[2022.01.29-06.51.05:609][  0]LogConfig: Setting CVar [[r.ViewDistanceScale:1.0]]
[2022.01.29-06.51.05:609][  0]LogConfig: Applying CVar settings from Section [AntiAliasingQuality@3] File [C:/Users/Phoen/Documents/Unreal Projects/GlobalGameJam/Saved/Config/Windows/Scalability.ini]
[2022.01.29-06.51.05:609][  0]LogConfig: Setting CVar [[r.PostProcessAAQuality:4]]
[2022.01.29-06.51.05:609][  0]LogConfig: Applying CVar settings from Section [ShadowQuality@3] File [C:/Users/Phoen/Documents/Unreal Projects/GlobalGameJam/Saved/Config/Windows/Scalability.ini]
[2022.01.29-06.51.05:609][  0]LogConfig: Setting CVar [[r.LightFunctionQuality:1]]
[2022.01.29-06.51.05:609][  0]LogConfig: Setting CVar [[r.ShadowQuality:5]]
[2022.01.29-06.51.05:609][  0]LogConfig: Setting CVar [[r.Shadow.CSM.MaxCascades:10]]
[2022.01.29-06.51.05:609][  0]LogConfig: Setting CVar [[r.Shadow.MaxResolution:2048]]
[2022.01.29-06.51.05:609][  0]LogConfig: Setting CVar [[r.Shadow.MaxCSMResolution:2048]]
[2022.01.29-06.51.05:609][  0]LogConfig: Setting CVar [[r.Shadow.RadiusThreshold:0.01]]
[2022.01.29-06.51.05:609][  0]LogConfig: Setting CVar [[r.Shadow.DistanceScale:1.0]]
[2022.01.29-06.51.05:609][  0]LogConfig: Setting CVar [[r.Shadow.CSM.TransitionScale:1.0]]
[2022.01.29-06.51.05:609][  0]LogConfig: Setting CVar [[r.Shadow.PreShadowResolutionFactor:1.0]]
[2022.01.29-06.51.05:609][  0]LogConfig: Setting CVar [[r.DistanceFieldShadowing:1]]
[2022.01.29-06.51.05:609][  0]LogConfig: Setting CVar [[r.DistanceFieldAO:1]]
[2022.01.29-06.51.05:609][  0]LogConfig: Setting CVar [[r.AOQuality:2]]
[2022.01.29-06.51.05:609][  0]LogConfig: Setting CVar [[r.VolumetricFog:1]]
[2022.01.29-06.51.05:609][  0]LogConfig: Setting CVar [[r.VolumetricFog.GridPixelSize:8]]
[2022.01.29-06.51.05:609][  0]LogConfig: Setting CVar [[r.VolumetricFog.GridSizeZ:128]]
[2022.01.29-06.51.05:609][  0]LogConfig: Setting CVar [[r.VolumetricFog.HistoryMissSupersampleCount:4]]
[2022.01.29-06.51.05:609][  0]LogConfig: Setting CVar [[r.LightMaxDrawDistanceScale:1]]
[2022.01.29-06.51.05:609][  0]LogConfig: Setting CVar [[r.CapsuleShadows:1]]
[2022.01.29-06.51.05:609][  0]LogConfig: Applying CVar settings from Section [PostProcessQuality@3] File [C:/Users/Phoen/Documents/Unreal Projects/GlobalGameJam/Saved/Config/Windows/Scalability.ini]
[2022.01.29-06.51.05:609][  0]LogConfig: Setting CVar [[r.MotionBlurQuality:4]]
[2022.01.29-06.51.05:609][  0]LogConfig: Setting CVar [[r.AmbientOcclusionMipLevelFactor:0.4]]
[2022.01.29-06.51.05:609][  0]LogConfig: Setting CVar [[r.AmbientOcclusionMaxQuality:100]]
[2022.01.29-06.51.05:609][  0]LogConfig: Setting CVar [[r.AmbientOcclusionLevels:-1]]
[2022.01.29-06.51.05:609][  0]LogConfig: Setting CVar [[r.AmbientOcclusionRadiusScale:1.0]]
[2022.01.29-06.51.05:609][  0]LogConfig: Setting CVar [[r.DepthOfFieldQuality:2]]
[2022.01.29-06.51.05:609][  0]LogConfig: Setting CVar [[r.RenderTargetPoolMin:400]]
[2022.01.29-06.51.05:609][  0]LogConfig: Setting CVar [[r.LensFlareQuality:2]]
[2022.01.29-06.51.05:609][  0]LogConfig: Setting CVar [[r.SceneColorFringeQuality:1]]
[2022.01.29-06.51.05:609][  0]LogConfig: Setting CVar [[r.EyeAdaptationQuality:2]]
[2022.01.29-06.51.05:609][  0]LogConfig: Setting CVar [[r.BloomQuality:5]]
[2022.01.29-06.51.05:609][  0]LogConfig: Setting CVar [[r.FastBlurThreshold:100]]
[2022.01.29-06.51.05:609][  0]LogConfig: Setting CVar [[r.Upscale.Quality:3]]
[2022.01.29-06.51.05:609][  0]LogConfig: Setting CVar [[r.Tonemapper.GrainQuantization:1]]
[2022.01.29-06.51.05:609][  0]LogConfig: Setting CVar [[r.LightShaftQuality:1]]
[2022.01.29-06.51.05:610][  0]LogConfig: Setting CVar [[r.Filter.SizeScale:1]]
[2022.01.29-06.51.05:610][  0]LogConfig: Setting CVar [[r.Tonemapper.Quality:5]]
[2022.01.29-06.51.05:610][  0]LogConfig: Setting CVar [[r.DOF.Gather.AccumulatorQuality:1        ; higher gathering accumulator quality]]
[2022.01.29-06.51.05:610][  0]LogConfig: Setting CVar [[r.DOF.Gather.PostfilterMethod:1          ; Median3x3 postfilering method]]
[2022.01.29-06.51.05:610][  0]LogConfig: Setting CVar [[r.DOF.Gather.EnableBokehSettings:0       ; no bokeh simulation when gathering]]
[2022.01.29-06.51.05:610][  0]LogConfig: Setting CVar [[r.DOF.Gather.RingCount:4                 ; medium number of samples when gathering]]
[2022.01.29-06.51.05:610][  0]LogConfig: Setting CVar [[r.DOF.Scatter.ForegroundCompositing:1    ; additive foreground scattering]]
[2022.01.29-06.51.05:610][  0]LogConfig: Setting CVar [[r.DOF.Scatter.BackgroundCompositing:2    ; additive background scattering]]
[2022.01.29-06.51.05:610][  0]LogConfig: Setting CVar [[r.DOF.Scatter.EnableBokehSettings:1      ; bokeh simulation when scattering]]
[2022.01.29-06.51.05:610][  0]LogConfig: Setting CVar [[r.DOF.Scatter.MaxSpriteRatio:0.1         ; only a maximum of 10% of scattered bokeh]]
[2022.01.29-06.51.05:610][  0]LogConfig: Setting CVar [[r.DOF.Recombine.Quality:1                ; cheap slight out of focus]]
[2022.01.29-06.51.05:610][  0]LogConfig: Setting CVar [[r.DOF.Recombine.EnableBokehSettings:0    ; no bokeh simulation on slight out of focus]]
[2022.01.29-06.51.05:610][  0]LogConfig: Setting CVar [[r.DOF.TemporalAAQuality:1                ; more stable temporal accumulation]]
[2022.01.29-06.51.05:610][  0]LogConfig: Setting CVar [[r.DOF.Kernel.MaxForegroundRadius:0.025]]
[2022.01.29-06.51.05:610][  0]LogConfig: Setting CVar [[r.DOF.Kernel.MaxBackgroundRadius:0.025]]
[2022.01.29-06.51.05:610][  0]LogConfig: Applying CVar settings from Section [TextureQuality@3] File [C:/Users/Phoen/Documents/Unreal Projects/GlobalGameJam/Saved/Config/Windows/Scalability.ini]
[2022.01.29-06.51.05:610][  0]LogConfig: Setting CVar [[r.Streaming.MipBias:0]]
[2022.01.29-06.51.05:610][  0]LogConfig: Setting CVar [[r.Streaming.AmortizeCPUToGPUCopy:0]]
[2022.01.29-06.51.05:610][  0]LogConfig: Setting CVar [[r.Streaming.MaxNumTexturesToStreamPerFrame:0]]
[2022.01.29-06.51.05:610][  0]LogConfig: Setting CVar [[r.Streaming.Boost:1]]
[2022.01.29-06.51.05:610][  0]LogConfig: Setting CVar [[r.MaxAnisotropy:8]]
[2022.01.29-06.51.05:610][  0]LogConfig: Setting CVar [[r.VT.MaxAnisotropy:8]]
[2022.01.29-06.51.05:610][  0]LogConfig: Setting CVar [[r.Streaming.LimitPoolSizeToVRAM:0]]
[2022.01.29-06.51.05:610][  0]LogConfig: Setting CVar [[r.Streaming.PoolSize:1000]]
[2022.01.29-06.51.05:610][  0]LogConfig: Setting CVar [[r.Streaming.MaxEffectiveScreenSize:0]]
[2022.01.29-06.51.05:610][  0]LogConfig: Applying CVar settings from Section [EffectsQuality@3] File [C:/Users/Phoen/Documents/Unreal Projects/GlobalGameJam/Saved/Config/Windows/Scalability.ini]
[2022.01.29-06.51.05:610][  0]LogConfig: Setting CVar [[r.TranslucencyLightingVolumeDim:64]]
[2022.01.29-06.51.05:610][  0]LogConfig: Setting CVar [[r.RefractionQuality:2]]
[2022.01.29-06.51.05:610][  0]LogConfig: Setting CVar [[r.SSR.Quality:3]]
[2022.01.29-06.51.05:610][  0]LogConfig: Setting CVar [[r.SSR.HalfResSceneColor:0]]
[2022.01.29-06.51.05:610][  0]LogConfig: Setting CVar [[r.SceneColorFormat:4]]
[2022.01.29-06.51.05:610][  0]LogConfig: Setting CVar [[r.DetailMode:2]]
[2022.01.29-06.51.05:610][  0]LogConfig: Setting CVar [[r.TranslucencyVolumeBlur:1]]
[2022.01.29-06.51.05:610][  0]LogConfig: Setting CVar [[r.MaterialQualityLevel:1 ; High quality]]
[2022.01.29-06.51.05:610][  0]LogConfig: Setting CVar [[r.AnisotropicMaterials:1]]
[2022.01.29-06.51.05:610][  0]LogConfig: Setting CVar [[r.SSS.Scale:1]]
[2022.01.29-06.51.05:610][  0]LogConfig: Setting CVar [[r.SSS.SampleSet:2]]
[2022.01.29-06.51.05:610][  0]LogConfig: Setting CVar [[r.SSS.Quality:1]]
[2022.01.29-06.51.05:610][  0]LogConfig: Setting CVar [[r.SSS.HalfRes:0]]
[2022.01.29-06.51.05:610][  0]LogConfig: Setting CVar [[r.SSGI.Quality:3]]
[2022.01.29-06.51.05:610][  0]LogConfig: Setting CVar [[r.EmitterSpawnRateScale:1.0]]
[2022.01.29-06.51.05:610][  0]LogConfig: Setting CVar [[r.ParticleLightQuality:2]]
[2022.01.29-06.51.05:610][  0]LogConfig: Setting CVar [[r.SkyAtmosphere.AerialPerspectiveLUT.FastApplyOnOpaque:1 ; Always have FastSkyLUT 1 in this case to avoid wrong sky]]
[2022.01.29-06.51.05:610][  0]LogConfig: Setting CVar [[r.SkyAtmosphere.AerialPerspectiveLUT.SampleCountMaxPerSlice:4]]
[2022.01.29-06.51.05:610][  0]LogConfig: Setting CVar [[r.SkyAtmosphere.AerialPerspectiveLUT.DepthResolution:16.0]]
[2022.01.29-06.51.05:610][  0]LogConfig: Setting CVar [[r.SkyAtmosphere.FastSkyLUT:1]]
[2022.01.29-06.51.05:610][  0]LogConfig: Setting CVar [[r.SkyAtmosphere.FastSkyLUT.SampleCountMin:4.0]]
[2022.01.29-06.51.05:610][  0]LogConfig: Setting CVar [[r.SkyAtmosphere.FastSkyLUT.SampleCountMax:128.0]]
[2022.01.29-06.51.05:610][  0]LogConfig: Setting CVar [[r.SkyAtmosphere.SampleCountMin:4.0]]
[2022.01.29-06.51.05:610][  0]LogConfig: Setting CVar [[r.SkyAtmosphere.SampleCountMax:128.0]]
[2022.01.29-06.51.05:610][  0]LogConfig: Setting CVar [[r.SkyAtmosphere.TransmittanceLUT.UseSmallFormat:0]]
[2022.01.29-06.51.05:610][  0]LogConfig: Setting CVar [[r.SkyAtmosphere.TransmittanceLUT.SampleCount:10.0]]
[2022.01.29-06.51.05:610][  0]LogConfig: Setting CVar [[r.SkyAtmosphere.MultiScatteringLUT.SampleCount:15.0]]
[2022.01.29-06.51.05:610][  0]LogConfig: Setting CVar [[r.SkyLight.RealTimeReflectionCapture:1]]
[2022.01.29-06.51.05:610][  0]LogConfig: Applying CVar settings from Section [FoliageQuality@3] File [C:/Users/Phoen/Documents/Unreal Projects/GlobalGameJam/Saved/Config/Windows/Scalability.ini]
[2022.01.29-06.51.05:610][  0]LogConfig: Setting CVar [[foliage.DensityScale:1.0]]
[2022.01.29-06.51.05:610][  0]LogConfig: Setting CVar [[grass.DensityScale:1.0]]
[2022.01.29-06.51.05:611][  0]LogConfig: Applying CVar settings from Section [ShadingQuality@3] File [C:/Users/Phoen/Documents/Unreal Projects/GlobalGameJam/Saved/Config/Windows/Scalability.ini]
[2022.01.29-06.51.05:611][  0]LogConfig: Setting CVar [[r.HairStrands.SkyLighting.IntegrationType:2]]
[2022.01.29-06.51.05:611][  0]LogConfig: Setting CVar [[r.HairStrands.SkyAO.SampleCount:4]]
[2022.01.29-06.51.05:611][  0]LogConfig: Setting CVar [[r.HairStrands.Visibility.MSAA.SamplePerPixel:4]]
[2022.01.29-06.51.05:611][  0]LogInit: Selected Device Profile: [Windows]
[2022.01.29-06.51.05:611][  0]LogInit: Applying CVar settings loaded from the selected device profile: [Windows]
[2022.01.29-06.51.05:611][  0]LogHAL: Display: Platform has ~ 8 GB [8475549696 / 8589934592 / 8], which maps to Default [LargestMinGB=32, LargerMinGB=12, DefaultMinGB=8, SmallerMinGB=6, SmallestMinGB=0)
[2022.01.29-06.51.05:612][  0]LogInit: Going up to parent DeviceProfile []
[2022.01.29-06.51.05:612][  0]LogConfig: Applying CVar settings from Section [ViewDistanceQuality@3] File [C:/Users/Phoen/Documents/Unreal Projects/GlobalGameJam/Saved/Config/Windows/Scalability.ini]
[2022.01.29-06.51.05:612][  0]LogConfig: Setting CVar [[r.SkeletalMeshLODBias:0]]
[2022.01.29-06.51.05:612][  0]LogConfig: Setting CVar [[r.ViewDistanceScale:1.0]]
[2022.01.29-06.51.05:612][  0]LogConfig: Applying CVar settings from Section [AntiAliasingQuality@3] File [C:/Users/Phoen/Documents/Unreal Projects/GlobalGameJam/Saved/Config/Windows/Scalability.ini]
[2022.01.29-06.51.05:612][  0]LogConfig: Setting CVar [[r.PostProcessAAQuality:4]]
[2022.01.29-06.51.05:612][  0]LogConfig: Applying CVar settings from Section [ShadowQuality@3] File [C:/Users/Phoen/Documents/Unreal Projects/GlobalGameJam/Saved/Config/Windows/Scalability.ini]
[2022.01.29-06.51.05:612][  0]LogConfig: Setting CVar [[r.LightFunctionQuality:1]]
[2022.01.29-06.51.05:612][  0]LogConfig: Setting CVar [[r.ShadowQuality:5]]
[2022.01.29-06.51.05:612][  0]LogConfig: Setting CVar [[r.Shadow.CSM.MaxCascades:10]]
[2022.01.29-06.51.05:612][  0]LogConfig: Setting CVar [[r.Shadow.MaxResolution:2048]]
[2022.01.29-06.51.05:612][  0]LogConfig: Setting CVar [[r.Shadow.MaxCSMResolution:2048]]
[2022.01.29-06.51.05:612][  0]LogConfig: Setting CVar [[r.Shadow.RadiusThreshold:0.01]]
[2022.01.29-06.51.05:612][  0]LogConfig: Setting CVar [[r.Shadow.DistanceScale:1.0]]
[2022.01.29-06.51.05:612][  0]LogConfig: Setting CVar [[r.Shadow.CSM.TransitionScale:1.0]]
[2022.01.29-06.51.05:612][  0]LogConfig: Setting CVar [[r.Shadow.PreShadowResolutionFactor:1.0]]
[2022.01.29-06.51.05:612][  0]LogConfig: Setting CVar [[r.DistanceFieldShadowing:1]]
[2022.01.29-06.51.05:612][  0]LogConfig: Setting CVar [[r.DistanceFieldAO:1]]
[2022.01.29-06.51.05:612][  0]LogConfig: Setting CVar [[r.AOQuality:2]]
[2022.01.29-06.51.05:612][  0]LogConfig: Setting CVar [[r.VolumetricFog:1]]
[2022.01.29-06.51.05:612][  0]LogConfig: Setting CVar [[r.VolumetricFog.GridPixelSize:8]]
[2022.01.29-06.51.05:612][  0]LogConfig: Setting CVar [[r.VolumetricFog.GridSizeZ:128]]
[2022.01.29-06.51.05:612][  0]LogConfig: Setting CVar [[r.VolumetricFog.HistoryMissSupersampleCount:4]]
[2022.01.29-06.51.05:612][  0]LogConfig: Setting CVar [[r.LightMaxDrawDistanceScale:1]]
[2022.01.29-06.51.05:612][  0]LogConfig: Setting CVar [[r.CapsuleShadows:1]]
[2022.01.29-06.51.05:612][  0]LogConfig: Applying CVar settings from Section [PostProcessQuality@3] File [C:/Users/Phoen/Documents/Unreal Projects/GlobalGameJam/Saved/Config/Windows/Scalability.ini]
[2022.01.29-06.51.05:612][  0]LogConfig: Setting CVar [[r.MotionBlurQuality:4]]
[2022.01.29-06.51.05:612][  0]LogConfig: Setting CVar [[r.AmbientOcclusionMipLevelFactor:0.4]]
[2022.01.29-06.51.05:612][  0]LogConfig: Setting CVar [[r.AmbientOcclusionMaxQuality:100]]
[2022.01.29-06.51.05:612][  0]LogConfig: Setting CVar [[r.AmbientOcclusionLevels:-1]]
[2022.01.29-06.51.05:612][  0]LogConfig: Setting CVar [[r.AmbientOcclusionRadiusScale:1.0]]
[2022.01.29-06.51.05:612][  0]LogConfig: Setting CVar [[r.DepthOfFieldQuality:2]]
[2022.01.29-06.51.05:612][  0]LogConfig: Setting CVar [[r.RenderTargetPoolMin:400]]
[2022.01.29-06.51.05:612][  0]LogConfig: Setting CVar [[r.LensFlareQuality:2]]
[2022.01.29-06.51.05:612][  0]LogConfig: Setting CVar [[r.SceneColorFringeQuality:1]]
[2022.01.29-06.51.05:612][  0]LogConfig: Setting CVar [[r.EyeAdaptationQuality:2]]
[2022.01.29-06.51.05:612][  0]LogConfig: Setting CVar [[r.BloomQuality:5]]
[2022.01.29-06.51.05:612][  0]LogConfig: Setting CVar [[r.FastBlurThreshold:100]]
[2022.01.29-06.51.05:612][  0]LogConfig: Setting CVar [[r.Upscale.Quality:3]]
[2022.01.29-06.51.05:612][  0]LogConfig: Setting CVar [[r.Tonemapper.GrainQuantization:1]]
[2022.01.29-06.51.05:612][  0]LogConfig: Setting CVar [[r.LightShaftQuality:1]]
[2022.01.29-06.51.05:612][  0]LogConfig: Setting CVar [[r.Filter.SizeScale:1]]
[2022.01.29-06.51.05:612][  0]LogConfig: Setting CVar [[r.Tonemapper.Quality:5]]
[2022.01.29-06.51.05:612][  0]LogConfig: Setting CVar [[r.DOF.Gather.AccumulatorQuality:1        ; higher gathering accumulator quality]]
[2022.01.29-06.51.05:612][  0]LogConfig: Setting CVar [[r.DOF.Gather.PostfilterMethod:1          ; Median3x3 postfilering method]]
[2022.01.29-06.51.05:612][  0]LogConfig: Setting CVar [[r.DOF.Gather.EnableBokehSettings:0       ; no bokeh simulation when gathering]]
[2022.01.29-06.51.05:612][  0]LogConfig: Setting CVar [[r.DOF.Gather.RingCount:4                 ; medium number of samples when gathering]]
[2022.01.29-06.51.05:613][  0]LogConfig: Setting CVar [[r.DOF.Scatter.ForegroundCompositing:1    ; additive foreground scattering]]
[2022.01.29-06.51.05:613][  0]LogConfig: Setting CVar [[r.DOF.Scatter.BackgroundCompositing:2    ; additive background scattering]]
[2022.01.29-06.51.05:613][  0]LogConfig: Setting CVar [[r.DOF.Scatter.EnableBokehSettings:1      ; bokeh simulation when scattering]]
[2022.01.29-06.51.05:613][  0]LogConfig: Setting CVar [[r.DOF.Scatter.MaxSpriteRatio:0.1         ; only a maximum of 10% of scattered bokeh]]
[2022.01.29-06.51.05:613][  0]LogConfig: Setting CVar [[r.DOF.Recombine.Quality:1                ; cheap slight out of focus]]
[2022.01.29-06.51.05:613][  0]LogConfig: Setting CVar [[r.DOF.Recombine.EnableBokehSettings:0    ; no bokeh simulation on slight out of focus]]
[2022.01.29-06.51.05:613][  0]LogConfig: Setting CVar [[r.DOF.TemporalAAQuality:1                ; more stable temporal accumulation]]
[2022.01.29-06.51.05:613][  0]LogConfig: Setting CVar [[r.DOF.Kernel.MaxForegroundRadius:0.025]]
[2022.01.29-06.51.05:613][  0]LogConfig: Setting CVar [[r.DOF.Kernel.MaxBackgroundRadius:0.025]]
[2022.01.29-06.51.05:613][  0]LogConfig: Applying CVar settings from Section [TextureQuality@3] File [C:/Users/Phoen/Documents/Unreal Projects/GlobalGameJam/Saved/Config/Windows/Scalability.ini]
[2022.01.29-06.51.05:613][  0]LogConfig: Setting CVar [[r.Streaming.MipBias:0]]
[2022.01.29-06.51.05:613][  0]LogConfig: Setting CVar [[r.Streaming.AmortizeCPUToGPUCopy:0]]
[2022.01.29-06.51.05:613][  0]LogConfig: Setting CVar [[r.Streaming.MaxNumTexturesToStreamPerFrame:0]]
[2022.01.29-06.51.05:613][  0]LogConfig: Setting CVar [[r.Streaming.Boost:1]]
[2022.01.29-06.51.05:613][  0]LogConfig: Setting CVar [[r.MaxAnisotropy:8]]
[2022.01.29-06.51.05:613][  0]LogConfig: Setting CVar [[r.VT.MaxAnisotropy:8]]
[2022.01.29-06.51.05:613][  0]LogConfig: Setting CVar [[r.Streaming.LimitPoolSizeToVRAM:0]]
[2022.01.29-06.51.05:613][  0]LogConfig: Setting CVar [[r.Streaming.PoolSize:1000]]
[2022.01.29-06.51.05:613][  0]LogConfig: Setting CVar [[r.Streaming.MaxEffectiveScreenSize:0]]
[2022.01.29-06.51.05:613][  0]LogConfig: Applying CVar settings from Section [EffectsQuality@3] File [C:/Users/Phoen/Documents/Unreal Projects/GlobalGameJam/Saved/Config/Windows/Scalability.ini]
[2022.01.29-06.51.05:613][  0]LogConfig: Setting CVar [[r.TranslucencyLightingVolumeDim:64]]
[2022.01.29-06.51.05:613][  0]LogConfig: Setting CVar [[r.RefractionQuality:2]]
[2022.01.29-06.51.05:613][  0]LogConfig: Setting CVar [[r.SSR.Quality:3]]
[2022.01.29-06.51.05:613][  0]LogConfig: Setting CVar [[r.SSR.HalfResSceneColor:0]]
[2022.01.29-06.51.05:613][  0]LogConfig: Setting CVar [[r.SceneColorFormat:4]]
[2022.01.29-06.51.05:614][  0]LogConfig: Setting CVar [[r.DetailMode:2]]
[2022.01.29-06.51.05:614][  0]LogConfig: Setting CVar [[r.TranslucencyVolumeBlur:1]]
[2022.01.29-06.51.05:614][  0]LogConfig: Setting CVar [[r.MaterialQualityLevel:1 ; High quality]]
[2022.01.29-06.51.05:614][  0]LogConfig: Setting CVar [[r.AnisotropicMaterials:1]]
[2022.01.29-06.51.05:614][  0]LogConfig: Setting CVar [[r.SSS.Scale:1]]
[2022.01.29-06.51.05:614][  0]LogConfig: Setting CVar [[r.SSS.SampleSet:2]]
[2022.01.29-06.51.05:614][  0]LogConfig: Setting CVar [[r.SSS.Quality:1]]
[2022.01.29-06.51.05:614][  0]LogConfig: Setting CVar [[r.SSS.HalfRes:0]]
[2022.01.29-06.51.05:614][  0]LogConfig: Setting CVar [[r.SSGI.Quality:3]]
[2022.01.29-06.51.05:614][  0]LogConfig: Setting CVar [[r.EmitterSpawnRateScale:1.0]]
[2022.01.29-06.51.05:614][  0]LogConfig: Setting CVar [[r.ParticleLightQuality:2]]
[2022.01.29-06.51.05:614][  0]LogConfig: Setting CVar [[r.SkyAtmosphere.AerialPerspectiveLUT.FastApplyOnOpaque:1 ; Always have FastSkyLUT 1 in this case to avoid wrong sky]]
[2022.01.29-06.51.05:614][  0]LogConfig: Setting CVar [[r.SkyAtmosphere.AerialPerspectiveLUT.SampleCountMaxPerSlice:4]]
[2022.01.29-06.51.05:614][  0]LogConfig: Setting CVar [[r.SkyAtmosphere.AerialPerspectiveLUT.DepthResolution:16.0]]
[2022.01.29-06.51.05:614][  0]LogConfig: Setting CVar [[r.SkyAtmosphere.FastSkyLUT:1]]
[2022.01.29-06.51.05:614][  0]LogConfig: Setting CVar [[r.SkyAtmosphere.FastSkyLUT.SampleCountMin:4.0]]
[2022.01.29-06.51.05:614][  0]LogConfig: Setting CVar [[r.SkyAtmosphere.FastSkyLUT.SampleCountMax:128.0]]
[2022.01.29-06.51.05:614][  0]LogConfig: Setting CVar [[r.SkyAtmosphere.SampleCountMin:4.0]]
[2022.01.29-06.51.05:614][  0]LogConfig: Setting CVar [[r.SkyAtmosphere.SampleCountMax:128.0]]
[2022.01.29-06.51.05:614][  0]LogConfig: Setting CVar [[r.SkyAtmosphere.TransmittanceLUT.UseSmallFormat:0]]
[2022.01.29-06.51.05:614][  0]LogConfig: Setting CVar [[r.SkyAtmosphere.TransmittanceLUT.SampleCount:10.0]]
[2022.01.29-06.51.05:614][  0]LogConfig: Setting CVar [[r.SkyAtmosphere.MultiScatteringLUT.SampleCount:15.0]]
[2022.01.29-06.51.05:614][  0]LogConfig: Setting CVar [[r.SkyLight.RealTimeReflectionCapture:1]]
[2022.01.29-06.51.05:614][  0]LogConfig: Applying CVar settings from Section [FoliageQuality@3] File [C:/Users/Phoen/Documents/Unreal Projects/GlobalGameJam/Saved/Config/Windows/Scalability.ini]
[2022.01.29-06.51.05:614][  0]LogConfig: Setting CVar [[foliage.DensityScale:1.0]]
[2022.01.29-06.51.05:614][  0]LogConfig: Setting CVar [[grass.DensityScale:1.0]]
[2022.01.29-06.51.05:614][  0]LogConfig: Applying CVar settings from Section [ShadingQuality@3] File [C:/Users/Phoen/Documents/Unreal Projects/GlobalGameJam/Saved/Config/Windows/Scalability.ini]
[2022.01.29-06.51.05:614][  0]LogConfig: Setting CVar [[r.HairStrands.SkyLighting.IntegrationType:2]]
[2022.01.29-06.51.05:614][  0]LogConfig: Setting CVar [[r.HairStrands.SkyAO.SampleCount:4]]
[2022.01.29-06.51.05:614][  0]LogConfig: Setting CVar [[r.HairStrands.Visibility.MSAA.SamplePerPixel:4]]
[2022.01.29-06.51.05:614][  0]LogConfig: Applying CVar settings from Section [Startup] File [../../../Engine/Config/ConsoleVariables.ini]
[2022.01.29-06.51.05:615][  0]LogConfig: Setting CVar [[net.UseAdaptiveNetUpdateFrequency:0]]
[2022.01.29-06.51.05:615][  0]LogConfig: Setting CVar [[p.chaos.AllowCreatePhysxBodies:1]]
[2022.01.29-06.51.05:615][  0]LogConfig: Setting CVar [[fx.SkipVectorVMBackendOptimizations:1]]
[2022.01.29-06.51.05:615][  0]LogConfig: Applying CVar settings from Section [ConsoleVariables] File [C:/Users/Phoen/Documents/Unreal Projects/GlobalGameJam/Saved/Config/Windows/Engine.ini]
[2022.01.29-06.51.05:615][  0]LogConfig: Applying CVar settings from Section [ConsoleVariables] File [C:/Users/Phoen/Documents/Unreal Projects/GlobalGameJam/Saved/Config/Windows/Editor.ini]
[2022.01.29-06.51.05:616][  0]LogInit: Computer: LAPTOP-QNS0FCKS
[2022.01.29-06.51.05:616][  0]LogInit: User: Phoen
[2022.01.29-06.51.05:616][  0]LogInit: CPU Page size=4096, Cores=2
[2022.01.29-06.51.05:616][  0]LogInit: High frequency timer resolution =10.000000 MHz
[2022.01.29-06.51.05:616][  0]LogMemory: Memory total: Physical=7.9GB (8GB approx)
[2022.01.29-06.51.05:617][  0]LogMemory: Platform Memory Stats for Windows
[2022.01.29-06.51.05:617][  0]LogMemory: Process Physical Memory: 139.95 MB used, 139.95 MB peak
[2022.01.29-06.51.05:617][  0]LogMemory: Process Virtual Memory: 124.70 MB used, 124.70 MB peak
[2022.01.29-06.51.05:617][  0]LogMemory: Physical Memory: 5182.90 MB used,  2900.02 MB free, 8082.91 MB total
[2022.01.29-06.51.05:617][  0]LogMemory: Virtual Memory: 134210096.00 MB used,  7635.42 MB free, 134217728.00 MB total
[2022.01.29-06.51.05:622][  0]LogWindows: WindowsPlatformFeatures enabled
[2022.01.29-06.51.05:693][  0]LogInit: Physics initialised using underlying interface: PhysX
[2022.01.29-06.51.05:700][  0]LogInit: Using OS detected language (en-US).
[2022.01.29-06.51.05:700][  0]LogInit: Using OS detected locale (en-US).
[2022.01.29-06.51.05:724][  0]LogTextLocalizationManager: No specific localization for 'en-US' exists, so the 'en' localization will be used.
[2022.01.29-06.51.06:163][  0]LogInit: Setting process to per monitor DPI aware
[2022.01.29-06.51.06:187][  0]LogWindowsTextInputMethodSystem: Display: IME system deactivated.
[2022.01.29-06.51.06:219][  0]LogSlate: New Slate User Created.  User Index 0, Is Virtual User: 0
[2022.01.29-06.51.06:219][  0]LogSlate: Slate User Registered.  User Index 0, Is Virtual User: 0
[2022.01.29-06.51.06:574][  0]LogD3D11RHI: Loaded GFSDK_Aftermath_Lib.x64.dll
[2022.01.29-06.51.06:578][  0]LogHMD: Failed to initialize OpenVR with code 110
[2022.01.29-06.51.06:578][  0]LogD3D11RHI: D3D11 min allowed feature level: 11_0
[2022.01.29-06.51.06:578][  0]LogD3D11RHI: D3D11 max allowed feature level: 11_0
[2022.01.29-06.51.06:578][  0]LogD3D11RHI: D3D11 adapters:
[2022.01.29-06.51.06:614][  0]LogD3D11RHI:    0. 'Intel(R) HD Graphics 520' (Feature Level 11_0)
[2022.01.29-06.51.06:614][  0]LogD3D11RHI:       128/0/4041 MB DedicatedVideo/DedicatedSystem/SharedSystem, Outputs:1, VendorId:0x8086
[2022.01.29-06.51.06:618][  0]LogD3D11RHI:    1. 'Microsoft Basic Render Driver' (Feature Level 11_0)
[2022.01.29-06.51.06:618][  0]LogD3D11RHI:       0/0/4041 MB DedicatedVideo/DedicatedSystem/SharedSystem, Outputs:0, VendorId:0x1414
[2022.01.29-06.51.06:618][  0]LogD3D11RHI: Chosen D3D11 Adapter:
[2022.01.29-06.51.06:618][  0]LogD3D11RHI:     Description : Intel(R) HD Graphics 520
[2022.01.29-06.51.06:618][  0]LogD3D11RHI:     VendorId    : 8086
[2022.01.29-06.51.06:618][  0]LogD3D11RHI:     DeviceId    : 1916
[2022.01.29-06.51.06:618][  0]LogD3D11RHI:     SubSysId    : 81eb103c
[2022.01.29-06.51.06:618][  0]LogD3D11RHI:     Revision    : 0007
[2022.01.29-06.51.06:618][  0]LogD3D11RHI:     DedicatedVideoMemory : 134217728 bytes
[2022.01.29-06.51.06:618][  0]LogD3D11RHI:     DedicatedSystemMemory : 0 bytes
[2022.01.29-06.51.06:618][  0]LogD3D11RHI:     SharedSystemMemory : 4237774848 bytes
[2022.01.29-06.51.06:618][  0]LogD3D11RHI:     AdapterLuid : 0 77756
[2022.01.29-06.51.06:626][  0]LogD3D11RHI: Creating new Direct3DDevice
[2022.01.29-06.51.06:626][  0]LogD3D11RHI:     GPU DeviceId: 0x1916 (for the marketing name, search the web for "GPU Device Id")
[2022.01.29-06.51.06:626][  0]LogWindows: EnumDisplayDevices:
[2022.01.29-06.51.06:626][  0]LogWindows:    0. 'Intel(R) HD Graphics 520' (P:1 D:1)
[2022.01.29-06.51.06:626][  0]LogWindows:    1. 'Intel(R) HD Graphics 520' (P:0 D:0)
[2022.01.29-06.51.06:627][  0]LogWindows:    2. 'Intel(R) HD Graphics 520' (P:0 D:0)
[2022.01.29-06.51.06:627][  0]LogWindows: DebugString: FoundDriverCount:3 
[2022.01.29-06.51.06:627][  0]LogD3D11RHI:     Adapter Name: Intel(R) HD Graphics 520
[2022.01.29-06.51.06:627][  0]LogD3D11RHI:   Driver Version: 25.20.100.6518 (internal:25.20.100.6518, unified:25.20.100.6518)
[2022.01.29-06.51.06:627][  0]LogD3D11RHI:      Driver Date: 1-9-2019
[2022.01.29-06.51.06:627][  0]LogRHI: Texture pool is 1504 MB (70% of 2148 MB)
[2022.01.29-06.51.06:653][  0]LogD3D11RHI: Creating D3DDevice using adapter:
[2022.01.29-06.51.06:653][  0]LogD3D11RHI:     Description : Intel(R) HD Graphics 520
[2022.01.29-06.51.06:653][  0]LogD3D11RHI:     VendorId    : 8086
[2022.01.29-06.51.06:653][  0]LogD3D11RHI:     DeviceId    : 1916
[2022.01.29-06.51.06:653][  0]LogD3D11RHI:     SubSysId    : 81eb103c
[2022.01.29-06.51.06:653][  0]LogD3D11RHI:     Revision    : 0007
[2022.01.29-06.51.06:653][  0]LogD3D11RHI:     DedicatedVideoMemory : 134217728 bytes
[2022.01.29-06.51.06:653][  0]LogD3D11RHI:     DedicatedSystemMemory : 0 bytes
[2022.01.29-06.51.06:653][  0]LogD3D11RHI:     SharedSystemMemory : 4237774848 bytes
[2022.01.29-06.51.06:653][  0]LogD3D11RHI:     AdapterLuid : 0 77756
[2022.01.29-06.51.06:678][  0]LogD3D11RHI: RHI does not have support for 64 bit atomics
[2022.01.29-06.51.06:754][  0]LogD3D11RHI: Intel Extensions support version Full=67108864, Major=4, Minor=0, Revision=0
[2022.01.29-06.51.06:754][  0]LogD3D11RHI: Intel Extensions support version Full=67174400, Major=4, Minor=1, Revision=0
[2022.01.29-06.51.06:754][  0]LogD3D11RHI: Intel Extensions Framework version required is not supported
[2022.01.29-06.51.06:758][  0]LogD3D11RHI: [IntelMetricsDiscovery] Started
[2022.01.29-06.51.06:758][  0]LogD3D11RHI: Async texture creation enabled
[2022.01.29-06.51.06:758][  0]LogD3D11RHI: Array index from any shader is supported
[2022.01.29-06.51.06:783][  0]LogD3D11RHI: GPU Timing Frequency: 12.000048 (Debug: 2 0)
[2022.01.29-06.51.07:258][  0]LogTargetPlatformManager: Display: Loaded TargetPlatform 'AllDesktop'
[2022.01.29-06.51.07:288][  0]LogTargetPlatformManager: Display: Loaded TargetPlatform 'Android'
[2022.01.29-06.51.07:288][  0]LogTargetPlatformManager: Display: Loaded TargetPlatform 'Android_ASTC'
[2022.01.29-06.51.07:288][  0]LogTargetPlatformManager: Display: Loaded TargetPlatform 'Android_DXT'
[2022.01.29-06.51.07:288][  0]LogTargetPlatformManager: Display: Loaded TargetPlatform 'Android_ETC2'
[2022.01.29-06.51.07:289][  0]LogTargetPlatformManager: Display: Loaded TargetPlatform 'AndroidClient'
[2022.01.29-06.51.07:289][  0]LogTargetPlatformManager: Display: Loaded TargetPlatform 'Android_ASTCClient'
[2022.01.29-06.51.07:289][  0]LogTargetPlatformManager: Display: Loaded TargetPlatform 'Android_DXTClient'
[2022.01.29-06.51.07:289][  0]LogTargetPlatformManager: Display: Loaded TargetPlatform 'Android_ETC2Client'
[2022.01.29-06.51.07:289][  0]LogTargetPlatformManager: Display: Loaded TargetPlatform 'Android_Multi'
[2022.01.29-06.51.07:289][  0]LogTargetPlatformManager: Display: Loaded TargetPlatform 'Android_MultiClient'
[2022.01.29-06.51.07:312][  0]LogTargetPlatformManager: Display: Loaded TargetPlatform 'IOSClient'
[2022.01.29-06.51.07:312][  0]LogTargetPlatformManager: Display: Loaded TargetPlatform 'IOS'
[2022.01.29-06.51.07:324][  0]LogTargetPlatformManager: Display: Loaded TargetPlatform 'Linux'
[2022.01.29-06.51.07:329][  0]LogTargetPlatformManager: Display: Loaded TargetPlatform 'LinuxNoEditor'
[2022.01.29-06.51.07:335][  0]LogTargetPlatformManager: Display: Loaded TargetPlatform 'LinuxClient'
[2022.01.29-06.51.07:340][  0]LogTargetPlatformManager: Display: Loaded TargetPlatform 'LinuxServer'
[2022.01.29-06.51.07:352][  0]LogTargetPlatformManager: Display: Loaded TargetPlatform 'LinuxAArch64NoEditor'
[2022.01.29-06.51.07:357][  0]LogTargetPlatformManager: Display: Loaded TargetPlatform 'LinuxAArch64Client'
[2022.01.29-06.51.07:363][  0]LogTargetPlatformManager: Display: Loaded TargetPlatform 'LinuxAArch64Server'
[2022.01.29-06.51.07:394][  0]LogTargetPlatformManager: Display: Loaded TargetPlatform 'Lumin'
[2022.01.29-06.51.07:394][  0]LogTargetPlatformManager: Display: Loaded TargetPlatform 'LuminClient'
[2022.01.29-06.51.07:405][  0]LogTargetPlatformManager: Display: Loaded TargetPlatform 'MacNoEditor'
[2022.01.29-06.51.07:410][  0]LogTargetPlatformManager: Display: Loaded TargetPlatform 'Mac'
[2022.01.29-06.51.07:415][  0]LogTargetPlatformManager: Display: Loaded TargetPlatform 'MacClient'
[2022.01.29-06.51.07:420][  0]LogTargetPlatformManager: Display: Loaded TargetPlatform 'MacServer'
[2022.01.29-06.51.07:436][  0]LogTargetPlatformManager: Display: Loaded TargetPlatform 'TVOSClient'
[2022.01.29-06.51.07:436][  0]LogTargetPlatformManager: Display: Loaded TargetPlatform 'TVOS'
[2022.01.29-06.51.07:452][  0]LogTargetPlatformManager: Display: Loaded TargetPlatform 'WindowsNoEditor'
[2022.01.29-06.51.07:458][  0]LogTargetPlatformManager: Display: Loaded TargetPlatform 'Windows'
[2022.01.29-06.51.07:463][  0]LogTargetPlatformManager: Display: Loaded TargetPlatform 'WindowsClient'
[2022.01.29-06.51.07:469][  0]LogTargetPlatformManager: Display: Loaded TargetPlatform 'WindowsServer'
[2022.01.29-06.51.07:469][  0]LogTargetPlatformManager: Display: Building Assets For Windows
[2022.01.29-06.51.07:478][  0]LogAudioDebug: Display: Lib vorbis DLL was dynamically loaded.
[2022.01.29-06.51.07:531][  0]LogTextureFormatOodle: Display: Oodle Texture 2.9.0 init RDO Off
[2022.01.29-06.51.07:589][  0]LogRendererCore: Ray tracing is disabled. Reason: r.RayTracing=0.
[2022.01.29-06.51.07:590][  0]LogShaderCompilers: Guid format shader working directory is -24 characters bigger than the processId version (../../../../../../Users/Phoen/Documents/Unreal Projects/GlobalGameJam/Intermediate/Shaders/WorkingDirectory/11328/).
[2022.01.29-06.51.07:590][  0]LogShaderCompilers: Cleaned the shader compiler working directory 'C:/Users/Phoen/AppData/Local/Temp/UnrealShaderWorkingDir/31D9AC864099D6741326CB8759DC6A69/'.
[2022.01.29-06.51.07:590][  0]LogXGEController: Cannot use XGE Controller as Incredibuild is not installed on this machine.
[2022.01.29-06.51.07:590][  0]LogShaderCompilers: Cannot use XGE Shader Compiler as Incredibuild is not installed on this machine.
[2022.01.29-06.51.07:590][  0]LogShaderCompilers: Display: Using Local Shader Compiler.
[2022.01.29-06.51.08:631][  0]LogDerivedDataCache: Display: Max Cache Size: 512 MB
[2022.01.29-06.51.08:895][  0]LogDerivedDataCache: Loaded boot cache 0.26s 94MB C:/Users/Phoen/AppData/Local/UnrealEngine/4.27/DerivedDataCache/Boot.ddc.
[2022.01.29-06.51.08:896][  0]LogDerivedDataCache: Display: Loaded Boot cache: C:/Users/Phoen/AppData/Local/UnrealEngine/4.27/DerivedDataCache/Boot.ddc
[2022.01.29-06.51.08:896][  0]LogDerivedDataCache: FDerivedDataBackendGraph:  Pak pak cache file ../../../../../../Users/Phoen/Documents/Unreal Projects/GlobalGameJam/DerivedDataCache/DDC.ddp not found, will not use a pak cache.
[2022.01.29-06.51.08:896][  0]LogDerivedDataCache: Unable to find inner node Pak for hierarchical cache Hierarchy.
[2022.01.29-06.51.08:896][  0]LogDerivedDataCache: FDerivedDataBackendGraph:  CompressedPak pak cache file ../../../../../../Users/Phoen/Documents/Unreal Projects/GlobalGameJam/DerivedDataCache/Compressed.ddp not found, will not use a pak cache.
[2022.01.29-06.51.08:896][  0]LogDerivedDataCache: Unable to find inner node CompressedPak for hierarchical cache Hierarchy.
[2022.01.29-06.51.08:922][  0]LogDerivedDataCache: Display: Pak cache opened for reading ../../../Engine/DerivedDataCache/Compressed.ddp.
[2022.01.29-06.51.08:922][  0]LogDerivedDataCache: FDerivedDataBackendGraph:  EnterprisePak pak cache file ../../../Enterprise/DerivedDataCache/Compressed.ddp not found, will not use a pak cache.
[2022.01.29-06.51.08:922][  0]LogDerivedDataCache: Unable to find inner node EnterprisePak for hierarchical cache Hierarchy.
[2022.01.29-06.51.08:940][  0]LogDerivedDataCache: Speed tests for C:/Users/Phoen/AppData/Local/UnrealEngine/Common/DerivedDataCache took 0.02 seconds
[2022.01.29-06.51.08:940][  0]LogDerivedDataCache: Display: Performance to C:/Users/Phoen/AppData/Local/UnrealEngine/Common/DerivedDataCache: Latency=0.13ms. RandomReadSpeed=111.79MBs, RandomWriteSpeed=119.83MBs. Assigned SpeedClass 'Local'
[2022.01.29-06.51.08:942][  0]LogDerivedDataCache: Using Local data cache path C:/Users/Phoen/AppData/Local/UnrealEngine/Common/DerivedDataCache: Writable
[2022.01.29-06.51.08:942][  0]LogDerivedDataCache: Shared data cache path not found in *engine.ini, will not use an Shared cache.
[2022.01.29-06.51.08:942][  0]LogDerivedDataCache: Unable to find inner node Shared for hierarchical cache Hierarchy.
[2022.01.29-06.51.09:026][  0]LogSlate: Using FreeType 2.10.0
[2022.01.29-06.51.09:027][  0]LogSlate: SlateFontServices - WITH_FREETYPE: 1, WITH_HARFBUZZ: 1
[2022.01.29-06.51.09:145][  0]LogAssetRegistry: FAssetRegistry took 0.0035 seconds to start up
[2022.01.29-06.51.09:675][  0]LogInit: Selected Device Profile: [Windows]
[2022.01.29-06.51.09:675][  0]LogInit: Active device profile: [0000027D2FD64F00][0000027D2DB25540 49] Windows
[2022.01.29-06.51.09:676][  0]LogInit: Profiles: [0000027D2FD64F00][0000027D2DB25540 49] Windows, [0000027D2FD2A400][0000027D2DED96C0 49] WindowsNoEditor, [0000027D2FD65F00][0000027D2DEDD840 49] WindowsServer, [0000027D2FD29600][0000027D2DEE19C0 49] WindowsClient, [0000027D2FD65000][0000027D2DEE5B40 49] IOS, [0000027D2FD2BA00][0000027D2DEE8140 49] iPadAir, [0000027D2FD67300][0000027D2DEEC2C0 49] iPadAir2, [0000027D2FCD9300][0000027D2F29C580 49] IPadPro, [0000027D2FCD9400][0000027D2F2985C0 49] iPadAir3, [0000027D2FD28B00][0000027D2F2A0740 49] iPadAir4, [0000027D2FCDA100][0000027D2F2A48C0 49] iPadMini2, [0000027D2FD2B400][0000027D2F2A8A40 49] iPadMini3, [0000027D2FCDAC00][0000027D2F2ACBC0 49] iPadMini4, [0000027D2FD2A700][0000027D2F2B0D40 49] iPadMini5, [0000027D2FCF4E00][0000027D2F2B4F80 49] iPhone6, [0000027D2FCF4F00][0000027D2DED4FC0 49] iPodTouch6, [0000027D2FD66800][0000027D2F2C1240 49] iPhone7, [0000027D2FD66900][0000027D2F2B9280 49] iPodTouch7, [0000027D2FCD8C00][0000027D2F2C5400 49] iPhone5S, [0000027D2FD65300][0000027D2F2C9580 49] iPhone6Plus, [0000027D2FCDAA00][0000027D2F2CD700 49] iPhone6S, [0000027D2FD66D00][0000027D2F2D1880 49] iPhone6SPlus, [0000027D2FCF4100][0000027D2F2D5A00 49] iPhone7Plus, [0000027D2FCD9D00][0000027D2F2D9B80 49] iPhoneSE, [0000027D2FCF4C00][0000027D2F2DC180 49] iPhone8, [0000027D2FCD8400][0000027D2F2E0300 49] iPhone8Plus, [0000027D2FCF6A00][0000027D2F2E4480 49] iPhoneX, [0000027D2FCDBC00][0000027D2F2E8600 49] iPhoneXS, [0000027D2FCF6900][0000027D2F2EC780 49] iPhoneXSMax, [0000027D2FCD8B00][0000027D2F2F0900 49] iPhoneXR, [0000027D2FD67800][0000027D2F2F4A80 49] iPhone11, [0000027D2FCDBD00][0000027D2F2F8C00 49] iPhone11Pro, [0000027D2FD65C00][0000027D2F2FCD80 49] iPhone11ProMax, [0000027D2FCD9100][0000027D30310F00 49] iPhoneSE2, [0000027D2FD65200][0000027D2F2BD040 49] iPhone12Mini, [0000027D2FCDB100][0000027D30315180 49] iPhone12, [0000027D2FD64900][0000027D303192C0 49] iPhone12Pro, [0000027D2FCD8D00][0000027D30321440 49] iPhone12ProMax, [0000027D2FD67C00][0000027D303255C0 49] iPadPro105, [0000027D2FCDB700][0000027D30329740 49] iPadPro129, [0000027D2FD67000][0000027D3032D8C0 49] iPadPro97, [0000027D2FCD8F00][0000027D30331A40 49] iPadPro2_129, [0000027D2FD64C00][0000027D30335BC0 49] iPad5, [0000027D2FCDBB00][0000027D303381C0 49] iPad6, [0000027D2FD64400][0000027D3033C340 49] iPad7, [0000027D2FCDBE00][0000027D303404C0 49] iPad8, [0000027D2FD65B00][0000027D30344640 49] iPadPro11, [0000027D2FCDA400][0000027D303487C0 49] iPadPro2_11, [0000027D2FD64800][0000027D3034C940 49] iPadPro3_129, [0000027D2FCDA800][0000027D30350AC0 49] iPadPro4_129, [0000027D2FD66F00][0000027D30354C40 49] AppleTV, [0000027D2FCD9200][0000027D30358DC0 49] AppleTV4K, [0000027D2FD65700][0000027D3035CF40 49] TVOS, [0000027D2FCDB600][0000027D303610C0 49] Mac, [0000027D2FD67A00][0000027D3031D200 49] MacClient, [0000027D2FCDA500][0000027D30365340 49] MacNoEditor, [0000027D2FD64500][0000027D30369480 49] MacServer, [0000027D2FCDA000][0000027D3036D5C0 49] Linux, [0000027D2FD67B00][0000027D30375740 49] LinuxAArch64, [0000027D2FCD8300][0000027D303798C0 49] LinuxNoEditor, [0000027D2FD67700][0000027D3037DA40 49] LinuxAArch64NoEditor, [0000027D2FCDA600][0000027D30381BC0 49] LinuxClient, [0000027D2FD66600][0000027D303841C0 49] LinuxAArch64Client, [0000027D2FCD9A00][0000027D30388340 49] LinuxServer, [0000027D2FD64200][0000027D3038C4C0 49] LinuxAArch64Server, [0000027D2FCD9600][0000027D30390640 49] Android, [0000027D2FD66100][0000027D303947C0 49] Android_Low, [0000027D2FCDB800][0000027D30398940 49] Android_Mid, [0000027D2FD64600][0000027D3039CAC0 49] Android_High, [0000027D2FCDA300][0000027D303A0C40 49] Android_Default, [0000027D2FD66300][0000027D303A4DC0 49] Android_Adreno4xx, [0000027D2FCDB000][0000027D303A8F40 49] Android_Adreno5xx_Low, [0000027D2FD66A00][0000027D303AD0C0 49] Android_Adreno5xx, [0000027D2FCD8100][0000027D303B1240 49] Android_Adreno6xx, [0000027D2FD64B00][0000027D30371380 49] Android_Adreno6xx_Vulkan, [0000027D2FCD8A00][0000027D303B54C0 49] Android_Mali_T6xx, [0000027D2FD64700][0000027D303B9600 49] Android_Mali_T7xx, [0000027D2FD29A00][0000027D303BD740 49] Android_Mali_T8xx, [0000027D2FCF4300][0000027D303C58C0 49] Android_Mali_G71, [0000027D2FD28600][0000027D303C9A40 49] Android_Mali_G72, [0000027D2FCF5200][0000027D303CDBC0 49] Android_Mali_G72_Vulkan, [0000027D2FD2BE00][0000027D303D01C0 49] Android_Mali_G76, [0000027D2FCF4700][0000027D303D4340 49] Android_Mali_G76_Vulkan, [0000027D2FD2BD00][0000027D303D84C0 49] Android_Mali_G77, [0000027D2FCF7B00][0000027D303DC640 49] Android_Mali_G77_Vulkan, [0000027D2FD29B00][0000027D303E07C0 49] Android_Mali_G78, [0000027D2FCF7100][0000027D303E4940 49] Android_Mali_G78_Vulkan, [0000027D2FD2B900][0000027D303E8AC0 49] Android_Mali_G710, [0000027D2FCF6C00][0000027D303ECC40 49] Android_Mali_G710_Vulkan, [0000027D2FD2B600][0000027D303F0DC0 49] Android_Vulkan_SM5, [0000027D2FCF7800][0000027D303F4F40 49] Android_PowerVR_G6xxx, [0000027D2FD29900][0000027D303F90C0 49] Android_PowerVR_GT7xxx, [0000027D2FCF5D00][0000027D303FD240 49] Android_PowerVR_GE8xxx, [0000027D2FD2AD00][0000027D304013C0 49] Android_PowerVR_GM9xxx, [0000027D2FCF4800][0000027D30405540 49] Android_PowerVR_GM9xxx_Vulkan, [0000027D2FD29C00][0000027D303C1680 49] Android_TegraK1, [0000027D2FCF5000][0000027D304097C0 49] Android_Unknown_Vulkan, [0000027D2FD2A300][0000027D3040D900 49] Lumin, [0000027D2FCF7E00][0000027D30415A80 49] Lumin_Desktop, [0000027D2FD2AB00][0000027D30419C00 49] HoloLens, 
[2022.01.29-06.51.09:905][  0]LogMeshReduction: Using QuadricMeshReduction for automatic static mesh reduction
[2022.01.29-06.51.09:905][  0]LogMeshReduction: Using SimplygonMeshReduction for automatic skeletal mesh reduction
[2022.01.29-06.51.09:905][  0]LogMeshReduction: Using ProxyLODMeshReduction for automatic mesh merging
[2022.01.29-06.51.09:905][  0]LogMeshReduction: No distributed automatic mesh merging module available
[2022.01.29-06.51.09:905][  0]LogMeshMerging: No distributed automatic mesh merging module available
[2022.01.29-06.51.09:932][  0]LogNetVersion: GlobalGameJam 1.0.0, NetCL: 17155196, EngineNetVer: 17, GameNetVer: 0 (Checksum: 3622393171)
[2022.01.29-06.51.13:413][  0]LogTexture: Default maximum texture size for cubemaps generated from long-lat sources has been changed from 512 to unlimited. In order to preserve old behaiour for '/Engine/MapTemplates/Sky/DaylightAmbientCubemap.DaylightAmbientCubemap', its maximum texture size has been explicitly set to 512.
[2022.01.29-06.51.13:512][  0]LogHMD: PokeAHoleMaterial loaded successfully
[2022.01.29-06.51.13:520][  0]LogUObjectArray: 17178 objects as part of root set at end of initial load.
[2022.01.29-06.51.13:520][  0]LogUObjectAllocator: 4302048 out of 0 bytes used by permanent object pool.
[2022.01.29-06.51.13:520][  0]LogUObjectArray: CloseDisregardForGC: 0/0 objects in disregard for GC pool
[2022.01.29-06.51.14:254][  0]LogNiagaraDebuggerClient: Niagara Debugger Client Initialized | Session: D7E7734444A4F722E4721392B7D6D07B | Instance: DB9C8FCE486FA0D16770648E0262E7B8 (LAPTOP-QNS0FCKS-11328).
[2022.01.29-06.51.14:396][  0]LogPython: Using Python 3.7.7
[2022.01.29-06.51.15:351][  0]LogTcpMessaging: Initializing TcpMessaging bridge
[2022.01.29-06.51.15:358][  0]LogUdpMessaging: Initializing bridge on interface 0.0.0.0:0 to multicast group 230.0.0.1:6666.
[2022.01.29-06.51.15:631][  0]SourceControl: Source control is disabled
[2022.01.29-06.51.15:631][  0]SourceControl: Source control is disabled
[2022.01.29-06.51.15:643][  0]SourceControl: Source control is disabled
[2022.01.29-06.51.15:649][  0]SourceControl: Source control is disabled
[2022.01.29-06.51.15:664][  0]SourceControl: Source control is disabled
[2022.01.29-06.51.15:672][  0]LogUProjectInfo: Found projects:
[2022.01.29-06.51.15:682][  0]LogVSAccessor: Display: Unable to create Visual Studio setup instance: 80040154
[2022.01.29-06.51.15:682][  0]LogVSAccessor: Display: Unable to create Visual Studio setup instance: 80040154
[2022.01.29-06.51.15:684][  0]LogVSAccessor: Display: Unable to create Visual Studio setup instance: 80040154
[2022.01.29-06.51.16:083][  0]LogOpenImageDenoise: OIDN starting up
[2022.01.29-06.51.16:157][  0]LogAndroidPermission: UAndroidPermissionCallbackProxy::GetInstance
[2022.01.29-06.51.16:186][  0]LogAudioCaptureCore: Display: No Audio Capture implementations found. Audio input will be silent.
[2022.01.29-06.51.16:186][  0]LogAudioCaptureCore: Display: No Audio Capture implementations found. Audio input will be silent.
[2022.01.29-06.51.16:398][  0]LogCollectionManager: Loaded 0 collections in 0.002971 seconds
[2022.01.29-06.51.16:437][  0]LogFileCache: Scanning file cache for directory 'C:/Users/Phoen/Documents/Unreal Projects/GlobalGameJam/Saved/Collections/' took 0.00s
[2022.01.29-06.51.16:437][  0]LogFileCache: Scanning file cache for directory 'C:/Users/Phoen/Documents/Unreal Projects/GlobalGameJam/Content/Developers/Phoen/Collections/' took 0.00s
[2022.01.29-06.51.16:437][  0]LogFileCache: Scanning file cache for directory 'C:/Users/Phoen/Documents/Unreal Projects/GlobalGameJam/Content/Collections/' took 0.00s
[2022.01.29-06.51.16:437][  0]LogOcInput: OculusInput pre-init called
[2022.01.29-06.51.16:920][  0]LogEngine: Initializing Engine...
[2022.01.29-06.51.16:930][  0]LogHMD: Failed to enumerate extensions. Please check that you have a valid OpenXR runtime installed.
[2022.01.29-06.51.16:930][  0]LogHMD: Failed to initialize OpenVR with code 110
[2022.01.29-06.51.16:931][  0]LogMagicLeap: Warning: VR disabled because ZI is not enabled.  To enable, in the editor, Edit -> Project Settings -> Plugins -> Magic Leap Plugin -> Enable Zero Iteration
[2022.01.29-06.51.16:934][  0]LogStats: UGameplayTagsManager::InitializeManager -  0.002 s
[2022.01.29-06.51.17:139][  0]LogInit: Initializing FReadOnlyCVARCache
[2022.01.29-06.51.17:168][  0]LogAIModule: Creating AISystem for world Untitled
[2022.01.29-06.51.17:178][  0]LogAudio: Display: Initializing Audio Device Manager...
[2022.01.29-06.51.17:182][  0]LogAudio: Display: Loading Default Audio Settings Objects...
[2022.01.29-06.51.17:183][  0]LogAudio: Display: No default SoundConcurrencyObject specified (or failed to load).
[2022.01.29-06.51.17:185][  0]LogAudio: Display: Audio Device Manager Initialized
[2022.01.29-06.51.17:185][  0]LogAudio: Display: Creating Audio Device:                 Id: 1, Scope: Shared, Realtime: True
[2022.01.29-06.51.17:185][  0]LogAudioMixer: Display: Audio Mixer Platform Settings:
[2022.01.29-06.51.17:185][  0]LogAudioMixer: Display: 	Sample Rate:						  48000
[2022.01.29-06.51.17:185][  0]LogAudioMixer: Display: 	Callback Buffer Frame Size Requested: 1024
[2022.01.29-06.51.17:185][  0]LogAudioMixer: Display: 	Callback Buffer Frame Size To Use:	  1024
[2022.01.29-06.51.17:185][  0]LogAudioMixer: Display: 	Number of buffers to queue:			  2
[2022.01.29-06.51.17:185][  0]LogAudioMixer: Display: 	Max Channels (voices):				  32
[2022.01.29-06.51.17:185][  0]LogAudioMixer: Display: 	Number of Async Source Workers:		  0
[2022.01.29-06.51.17:185][  0]LogAudio: Display: AudioDevice MaxSources: 32
[2022.01.29-06.51.17:185][  0]LogAudio: Display: Audio Spatialization Plugin: None (built-in).
[2022.01.29-06.51.17:185][  0]LogAudio: Display: Audio Reverb Plugin: None (built-in).
[2022.01.29-06.51.17:185][  0]LogAudio: Display: Audio Occlusion Plugin: None (built-in).
[2022.01.29-06.51.17:185][  0]LogAudioMixer: Display: Initializing audio mixer.
[2022.01.29-06.51.17:221][  0]LogAudioMixer: Display: 0: FrontLeft
[2022.01.29-06.51.17:221][  0]LogAudioMixer: Display: 1: FrontRight
[2022.01.29-06.51.17:253][  0]LogAudioMixer: Display: Using Audio Device Speaker/Headphone (Realtek High Definition Audio)
[2022.01.29-06.51.17:258][  0]LogAudioMixer: Display: Initializing Sound Submixes...
[2022.01.29-06.51.17:262][  0]LogAudioMixer: Display: Creating Master Submix 'MasterSubmixDefault'
[2022.01.29-06.51.17:262][  0]LogAudioMixer: Display: Creating Master Submix 'MasterReverbSubmixDefault'
[2022.01.29-06.51.17:263][  0]LogAudioMixer: Display: Creating Master Submix 'MasterEQSubmixDefault'
[2022.01.29-06.51.17:264][  0]LogAudioMixer: FMixerPlatformXAudio2::StartAudioStream() called
[2022.01.29-06.51.17:264][  0]LogAudioMixer: Display: Output buffers initialized: Frames=1024, Channels=2, Samples=2048
[2022.01.29-06.51.17:265][  0]LogAudioMixer: Display: Starting AudioMixerPlatformInterface::RunInternal()
[2022.01.29-06.51.17:265][  0]LogAudioMixer: Display: FMixerPlatformXAudio2::SubmitBuffer() called for the first time
[2022.01.29-06.51.17:265][  0]LogInit: FAudioDevice initialized.
[2022.01.29-06.51.17:265][  0]LogAudio: Display: Audio Device (ID: 1) registered with world 'Untitled'.
[2022.01.29-06.51.17:265][  0]LogNetVersion: Set ProjectVersion to 1.0.0.0. Version Checksum will be recalculated on next use.
[2022.01.29-06.51.17:356][  0]LogDerivedDataCache: Saved boot cache 0.09s 94MB C:/Users/Phoen/AppData/Local/UnrealEngine/4.27/DerivedDataCache/Boot.ddc.
[2022.01.29-06.51.17:356][  0]LogInit: Texture streaming: Enabled
[2022.01.29-06.51.17:399][  0]LogAnalytics: Display: [UEEditor.Rocket.Release] APIServer = https://datarouter.ol.epicgames.com/. AppVersion = 4.27.2-18319896+++UE4+Release-4.27
[2022.01.29-06.51.17:405][  0]LogEngineSessionManager: EngineSessionManager initialized
[2022.01.29-06.51.17:406][  0]LogEngineSessionManager: EngineSessionManager sent abnormal shutdown report. Type=Crashed, SessionId={C6DBC1FA-4EF3-13F0-CDA2-E99E9B7F7FB4}
[2022.01.29-06.51.17:406][  0]LogEditorSessionSummary: Verbose: Initializing EditorSessionSummaryWriter for editor session tracking
[2022.01.29-06.51.17:409][  0]LogEditorSessionSummary: EditorSessionSummaryWriter initialized
[2022.01.29-06.51.17:452][  0]LogInit: Transaction tracking system initialized
[2022.01.29-06.51.17:498][  0]BlueprintLog: New page: Editor Load
[2022.01.29-06.51.17:619][  0]LocalizationService: Localization service is disabled
[2022.01.29-06.51.17:676][  0]TimingProfiler: Initialize
[2022.01.29-06.51.17:679][  0]TimingProfiler: OnSessionChanged
[2022.01.29-06.51.17:679][  0]LoadingProfiler: Initialize
[2022.01.29-06.51.17:680][  0]LoadingProfiler: OnSessionChanged
[2022.01.29-06.51.17:680][  0]NetworkingProfiler: Initialize
[2022.01.29-06.51.17:681][  0]NetworkingProfiler: OnSessionChanged
[2022.01.29-06.51.17:681][  0]MemoryProfiler: Initialize
[2022.01.29-06.51.17:681][  0]MemoryProfiler: OnSessionChanged
[2022.01.29-06.51.17:798][  0]LogVSAccessor: Display: Unable to create Visual Studio setup instance: 80040154
[2022.01.29-06.51.17:799][  0]LogVSAccessor: Display: Unable to create Visual Studio setup instance: 80040154
[2022.01.29-06.51.17:799][  0]LogVSAccessor: Display: Unable to create Visual Studio setup instance: 80040154
[2022.01.29-06.51.17:981][  0]LogCook: Display: CookSettings for Memory: MemoryMaxUsedVirtual 0MiB, MemoryMaxUsedPhysical 16384MiB, MemoryMinFreeVirtual 0MiB, MemoryMinFreePhysical 1024MiB
[2022.01.29-06.51.17:982][  0]LogCook: Display: Mobile HDR setting 1
[2022.01.29-06.51.18:360][  0]LogFileCache: Scanning file cache for directory 'C:/Users/Phoen/Documents/Unreal Projects/GlobalGameJam/Content/' took 0.01s
[2022.01.29-06.51.18:790][  0]LogInit: Display: Engine is initialized. Leaving FEngineLoop::Init()
[2022.01.29-06.51.18:798][  0]SourceControl: Source control is disabled
[2022.01.29-06.51.18:798][  0]LogUnrealEdMisc: Loading editor; pre map load, took 17.224
[2022.01.29-06.51.18:799][  0]Cmd: MAP LOAD FILE="../../../../../../Users/Phoen/Documents/Unreal Projects/GlobalGameJam/Content/FirstPersonBP/Maps/FirstPersonExampleMap.umap" TEMPLATE=0 SHOWPROGRESS=1 FEATURELEVEL=3
[2022.01.29-06.51.18:799][  0]LightingResults: New page: Lighting Build
[2022.01.29-06.51.18:803][  0]LogWorld: UWorld::CleanupWorld for Untitled, bSessionEnded=true, bCleanupResources=true
[2022.01.29-06.51.18:803][  0]LogSlate: InvalidateAllWidgets triggered.  All widgets were invalidated
[2022.01.29-06.51.18:804][  0]MapCheck: New page: Map Check
[2022.01.29-06.51.18:804][  0]LightingResults: New page: Lighting Build
[2022.01.29-06.51.18:811][  0]LogAudio: Display: Audio Device unregistered from world 'None'.
[2022.01.29-06.51.18:816][  0]LogUObjectHash: Compacting FUObjectHashTables data took   1.63ms
[2022.01.29-06.51.19:035][  0]LogLinker: Warning: [AssetLog] C:\Users\Phoen\Documents\Unreal Projects\GlobalGameJam\Content\FirstPersonBP\Maps\FirstPersonExampleMap.umap: Failed to load '/Game/FirstPersonBP/Blueprints/CubeTestRenderTarge': Can't find file.
[2022.01.29-06.51.19:036][  0]LogLinker: Warning: [AssetLog] C:\Users\Phoen\Documents\Unreal Projects\GlobalGameJam\Content\FirstPersonBP\Maps\FirstPersonExampleMap.umap: Failed to load '/Game/FirstPersonBP/Blueprints/CubeTestRenderTarge': Can't find file.
[2022.01.29-06.51.19:037][  0]LogLinker: Warning: [AssetLog] C:\Users\Phoen\Documents\Unreal Projects\GlobalGameJam\Content\FirstPersonBP\Maps\FirstPersonExampleMap.umap: Failed to load '/Game/FirstPersonBP/Blueprints/CubeTestRenderTarge': Can't find file.
[2022.01.29-06.51.19:038][  0]LogLinker: Warning: Failed to load '/Game/FirstPersonBP/Blueprints/CubeTestRenderTarge': Can't find file.
[2022.01.29-06.51.19:039][  0]LogLinker: Warning: Failed to load '/Game/FirstPersonBP/Blueprints/CubeTestRenderTarge': Can't find file.
[2022.01.29-06.51.19:121][  0]LogLinker: Warning: [AssetLog] C:\Users\Phoen\Documents\Unreal Projects\GlobalGameJam\Content\FirstPersonBP\Maps\FirstPersonExampleMap.umap: Failed to load '/Game/FirstPersonBP/Blueprints/CubeTestRenderTarge': Can't find file.
[2022.01.29-06.51.19:121][  0]LoadErrors: Failed to load /Game/FirstPersonBP/Blueprints/CubeTestRenderTarge.CubeTestRenderTarge Referenced by NewSceneCaptureComponent2D
[2022.01.29-06.51.19:306][  0]LogAudio: Display: Audio Device (ID: 1) registered with world 'FirstPersonExampleMap'.
[2022.01.29-06.51.19:309][  0]LogAIModule: Creating AISystem for world FirstPersonExampleMap
[2022.01.29-06.51.19:310][  0]LogMaterial: Display: Material /Game/FirstPersonBP/Blueprints/Metal.Metal needed to have new flag set bUsedWithStaticLighting !
[2022.01.29-06.51.19:323][  0]LogMaterial: Display: Missing cached shadermap for Metal in PCD3D_SM5, Default, SM5 (DDC key hash: FFC0BAA5DE92998AF2F69F3C64A2FF861C1D36B3), compiling. 
[2022.01.29-06.51.19:418][  0]LogShaderCompilers: Display: Submitted 25 shader compile jobs with 'Low' priority
[2022.01.29-06.51.19:423][  0]MapCheck: Warning: Metal Material /Game/FirstPersonBP/Blueprints/Metal.Metal was missing the usage flag bUsedWithStaticLighting. If the material asset is not re-saved, it may not render correctly when run outside the editor. Fix
[2022.01.29-06.51.19:445][  0]LogShaderCompilers: Display: Worker (1/3): shaders left to compile 25
[2022.01.29-06.51.19:445][  0]LogShaderCompilers: Display: Worker (2/3): shaders left to compile 16
[2022.01.29-06.51.19:445][  0]LogShaderCompilers: Display: Worker (3/3): shaders left to compile 7
[2022.01.29-06.51.19:445][  0]LogShaderCompilers: Display: Started 25 'Local' shader compile jobs with 'Low' priority
[2022.01.29-06.51.19:445][  0]LogEditorServer: Finished looking for orphan Actors (0.000 secs)
[2022.01.29-06.51.19:551][  0]LogUObjectHash: Compacting FUObjectHashTables data took   1.76ms
[2022.01.29-06.51.19:552][  0]Cmd: MAP CHECKDEP NOCLEARLOG
[2022.01.29-06.51.19:552][  0]MapCheck: Map check complete: 0 Error(s), 1 Warning(s), took 0.2ms to complete.
[2022.01.29-06.51.19:557][  0]LogFileHelpers: Loading map 'FirstPersonExampleMap' took 0.759
[2022.01.29-06.51.19:585][  0]LogUnrealEdMisc: Total Editor Startup Time, took 18.012
[2022.01.29-06.51.19:765][  0]LogSlate: Updating window title bar state: overlay mode, drag disabled, window buttons hidden, title bar hidden
[2022.01.29-06.51.19:786][  0]LogSlate: Updating window title bar state: overlay mode, drag disabled, window buttons hidden, title bar hidden
[2022.01.29-06.51.19:806][  0]LogSlate: Updating window title bar state: overlay mode, drag disabled, window buttons hidden, title bar hidden
[2022.01.29-06.51.19:827][  0]LogSlate: Updating window title bar state: overlay mode, drag disabled, window buttons hidden, title bar hidden
[2022.01.29-06.51.19:873][  0]LogNativeClassHierarchy: Verbose: Native class hierarchy populated in 0.0280 seconds. Added 3822 classes and 928 folders.
[2022.01.29-06.51.19:882][  0]LogNativeClassHierarchy: Verbose: Native class hierarchy updated for 'WidgetCarousel' in 0.0014 seconds. Added 0 classes and 0 folders.
[2022.01.29-06.51.19:892][  0]LogPakFile: PakFile PrimaryIndexSize=187
[2022.01.29-06.51.19:892][  0]LogPakFile: PakFile PathHashIndexSize=101
[2022.01.29-06.51.19:892][  0]LogPakFile: PakFile FullDirectoryIndexSize=148
[2022.01.29-06.51.19:893][  0]LogShaderLibrary: Display: ShaderCodeLibraryPakFileMountedCallback: PakFile 'C:/Program Files/Epic Games/UE_4.27/FeaturePacks/FP_FirstPerson.upack' (chunk index -1, root 'root:/') mounted
[2022.01.29-06.51.19:893][  0]LogShaderLibrary: Display: ShaderCodeLibraryPakFileMountedCallback: pending pak file info (ChunkID:-1 Root:root:/ File:C:/Program Files/Epic Games/UE_4.27/FeaturePacks/FP_FirstPerson.upack)
[2022.01.29-06.51.19:893][  0]LogPakFile: OnPakFileMounted2Time == 0.000682
[2022.01.29-06.51.19:899][  0]LogPakFile: PakFile PrimaryIndexSize=189
[2022.01.29-06.51.19:899][  0]LogPakFile: PakFile PathHashIndexSize=101
[2022.01.29-06.51.19:899][  0]LogPakFile: PakFile FullDirectoryIndexSize=152
[2022.01.29-06.51.19:899][  0]LogShaderLibrary: Display: ShaderCodeLibraryPakFileMountedCallback: PakFile 'C:/Program Files/Epic Games/UE_4.27/FeaturePacks/FP_FirstPersonBP.upack' (chunk index -1, root 'root:/') mounted
[2022.01.29-06.51.19:899][  0]LogShaderLibrary: Display: ShaderCodeLibraryPakFileMountedCallback: pending pak file info (ChunkID:-1 Root:root:/ File:C:/Program Files/Epic Games/UE_4.27/FeaturePacks/FP_FirstPersonBP.upack)
[2022.01.29-06.51.19:899][  0]LogPakFile: OnPakFileMounted2Time == 0.000113
[2022.01.29-06.51.19:903][  0]LogPakFile: PakFile PrimaryIndexSize=191
[2022.01.29-06.51.19:903][  0]LogPakFile: PakFile PathHashIndexSize=101
[2022.01.29-06.51.19:903][  0]LogPakFile: PakFile FullDirectoryIndexSize=160
[2022.01.29-06.51.19:903][  0]LogShaderLibrary: Display: ShaderCodeLibraryPakFileMountedCallback: PakFile 'C:/Program Files/Epic Games/UE_4.27/FeaturePacks/MobileStarterContent.upack' (chunk index -1, root 'root:/') mounted
[2022.01.29-06.51.19:903][  0]LogShaderLibrary: Display: ShaderCodeLibraryPakFileMountedCallback: pending pak file info (ChunkID:-1 Root:root:/ File:C:/Program Files/Epic Games/UE_4.27/FeaturePacks/MobileStarterContent.upack)
[2022.01.29-06.51.19:903][  0]LogPakFile: OnPakFileMounted2Time == 0.000106
[2022.01.29-06.51.19:906][  0]LogPakFile: PakFile PrimaryIndexSize=185
[2022.01.29-06.51.19:906][  0]LogPakFile: PakFile PathHashIndexSize=101
[2022.01.29-06.51.19:906][  0]LogPakFile: PakFile FullDirectoryIndexSize=148
[2022.01.29-06.51.19:906][  0]LogShaderLibrary: Display: ShaderCodeLibraryPakFileMountedCallback: PakFile 'C:/Program Files/Epic Games/UE_4.27/FeaturePacks/StarterContent.upack' (chunk index -1, root 'root:/') mounted
[2022.01.29-06.51.19:906][  0]LogShaderLibrary: Display: ShaderCodeLibraryPakFileMountedCallback: pending pak file info (ChunkID:-1 Root:root:/ File:C:/Program Files/Epic Games/UE_4.27/FeaturePacks/StarterContent.upack)
[2022.01.29-06.51.19:906][  0]LogPakFile: OnPakFileMounted2Time == 0.000084
[2022.01.29-06.51.19:908][  0]LogPakFile: PakFile PrimaryIndexSize=190
[2022.01.29-06.51.19:908][  0]LogPakFile: PakFile PathHashIndexSize=101
[2022.01.29-06.51.19:908][  0]LogPakFile: PakFile FullDirectoryIndexSize=154
[2022.01.29-06.51.19:908][  0]LogShaderLibrary: Display: ShaderCodeLibraryPakFileMountedCallback: PakFile 'C:/Program Files/Epic Games/UE_4.27/FeaturePacks/TP_2DSideScroller.upack' (chunk index -1, root 'root:/') mounted
[2022.01.29-06.51.19:908][  0]LogShaderLibrary: Display: ShaderCodeLibraryPakFileMountedCallback: pending pak file info (ChunkID:-1 Root:root:/ File:C:/Program Files/Epic Games/UE_4.27/FeaturePacks/TP_2DSideScroller.upack)
[2022.01.29-06.51.19:908][  0]LogPakFile: OnPakFileMounted2Time == 0.000089
[2022.01.29-06.51.19:911][  0]LogPakFile: PakFile PrimaryIndexSize=192
[2022.01.29-06.51.19:911][  0]LogPakFile: PakFile PathHashIndexSize=101
[2022.01.29-06.51.19:911][  0]LogPakFile: PakFile FullDirectoryIndexSize=158
[2022.01.29-06.51.19:911][  0]LogShaderLibrary: Display: ShaderCodeLibraryPakFileMountedCallback: PakFile 'C:/Program Files/Epic Games/UE_4.27/FeaturePacks/TP_2DSideScrollerBP.upack' (chunk index -1, root 'root:/') mounted
[2022.01.29-06.51.19:911][  0]LogShaderLibrary: Display: ShaderCodeLibraryPakFileMountedCallback: pending pak file info (ChunkID:-1 Root:root:/ File:C:/Program Files/Epic Games/UE_4.27/FeaturePacks/TP_2DSideScrollerBP.upack)
[2022.01.29-06.51.19:911][  0]LogPakFile: OnPakFileMounted2Time == 0.000105
[2022.01.29-06.51.19:914][  0]LogPakFile: PakFile PrimaryIndexSize=182
[2022.01.29-06.51.19:914][  0]LogPakFile: PakFile PathHashIndexSize=101
[2022.01.29-06.51.19:914][  0]LogPakFile: PakFile FullDirectoryIndexSize=138
[2022.01.29-06.51.19:914][  0]LogShaderLibrary: Display: ShaderCodeLibraryPakFileMountedCallback: PakFile 'C:/Program Files/Epic Games/UE_4.27/FeaturePacks/TP_Flying.upack' (chunk index -1, root 'root:/') mounted
[2022.01.29-06.51.19:915][  0]LogShaderLibrary: Display: ShaderCodeLibraryPakFileMountedCallback: pending pak file info (ChunkID:-1 Root:root:/ File:C:/Program Files/Epic Games/UE_4.27/FeaturePacks/TP_Flying.upack)
[2022.01.29-06.51.19:915][  0]LogPakFile: OnPakFileMounted2Time == 0.000361
[2022.01.29-06.51.19:919][  0]LogPakFile: PakFile PrimaryIndexSize=184
[2022.01.29-06.51.19:919][  0]LogPakFile: PakFile PathHashIndexSize=101
[2022.01.29-06.51.19:919][  0]LogPakFile: PakFile FullDirectoryIndexSize=142
[2022.01.29-06.51.19:919][  0]LogShaderLibrary: Display: ShaderCodeLibraryPakFileMountedCallback: PakFile 'C:/Program Files/Epic Games/UE_4.27/FeaturePacks/TP_FlyingBP.upack' (chunk index -1, root 'root:/') mounted
[2022.01.29-06.51.19:919][  0]LogShaderLibrary: Display: ShaderCodeLibraryPakFileMountedCallback: pending pak file info (ChunkID:-1 Root:root:/ File:C:/Program Files/Epic Games/UE_4.27/FeaturePacks/TP_FlyingBP.upack)
[2022.01.29-06.51.19:920][  0]LogPakFile: OnPakFileMounted2Time == 0.000167
[2022.01.29-06.51.19:922][  0]LogPakFile: PakFile PrimaryIndexSize=188
[2022.01.29-06.51.19:922][  0]LogPakFile: PakFile PathHashIndexSize=101
[2022.01.29-06.51.19:922][  0]LogPakFile: PakFile FullDirectoryIndexSize=150
[2022.01.29-06.51.19:922][  0]LogShaderLibrary: Display: ShaderCodeLibraryPakFileMountedCallback: PakFile 'C:/Program Files/Epic Games/UE_4.27/FeaturePacks/TP_HandheldARBP.upack' (chunk index -1, root 'root:/') mounted
[2022.01.29-06.51.19:922][  0]LogShaderLibrary: Display: ShaderCodeLibraryPakFileMountedCallback: pending pak file info (ChunkID:-1 Root:root:/ File:C:/Program Files/Epic Games/UE_4.27/FeaturePacks/TP_HandheldARBP.upack)
[2022.01.29-06.51.19:922][  0]LogPakFile: OnPakFileMounted2Time == 0.000107
[2022.01.29-06.51.19:928][  0]LogPakFile: PakFile PrimaryIndexSize=182
[2022.01.29-06.51.19:928][  0]LogPakFile: PakFile PathHashIndexSize=101
[2022.01.29-06.51.19:928][  0]LogPakFile: PakFile FullDirectoryIndexSize=138
[2022.01.29-06.51.19:928][  0]LogShaderLibrary: Display: ShaderCodeLibraryPakFileMountedCallback: PakFile 'C:/Program Files/Epic Games/UE_4.27/FeaturePacks/TP_Puzzle.upack' (chunk index -1, root 'root:/') mounted
[2022.01.29-06.51.19:928][  0]LogShaderLibrary: Display: ShaderCodeLibraryPakFileMountedCallback: pending pak file info (ChunkID:-1 Root:root:/ File:C:/Program Files/Epic Games/UE_4.27/FeaturePacks/TP_Puzzle.upack)
[2022.01.29-06.51.19:928][  0]LogPakFile: OnPakFileMounted2Time == 0.000108
[2022.01.29-06.51.19:930][  0]LogPakFile: PakFile PrimaryIndexSize=184
[2022.01.29-06.51.19:930][  0]LogPakFile: PakFile PathHashIndexSize=101
[2022.01.29-06.51.19:931][  0]LogPakFile: PakFile FullDirectoryIndexSize=142
[2022.01.29-06.51.19:931][  0]LogShaderLibrary: Display: ShaderCodeLibraryPakFileMountedCallback: PakFile 'C:/Program Files/Epic Games/UE_4.27/FeaturePacks/TP_PuzzleBP.upack' (chunk index -1, root 'root:/') mounted
[2022.01.29-06.51.19:931][  0]LogShaderLibrary: Display: ShaderCodeLibraryPakFileMountedCallback: pending pak file info (ChunkID:-1 Root:root:/ File:C:/Program Files/Epic Games/UE_4.27/FeaturePacks/TP_PuzzleBP.upack)
[2022.01.29-06.51.19:931][  0]LogPakFile: OnPakFileMounted2Time == 0.000279
[2022.01.29-06.51.19:934][  0]LogPakFile: PakFile PrimaryIndexSize=183
[2022.01.29-06.51.19:934][  0]LogPakFile: PakFile PathHashIndexSize=101
[2022.01.29-06.51.19:934][  0]LogPakFile: PakFile FullDirectoryIndexSize=140
[2022.01.29-06.51.19:934][  0]LogShaderLibrary: Display: ShaderCodeLibraryPakFileMountedCallback: PakFile 'C:/Program Files/Epic Games/UE_4.27/FeaturePacks/TP_Rolling.upack' (chunk index -1, root 'root:/') mounted
[2022.01.29-06.51.19:934][  0]LogShaderLibrary: Display: ShaderCodeLibraryPakFileMountedCallback: pending pak file info (ChunkID:-1 Root:root:/ File:C:/Program Files/Epic Games/UE_4.27/FeaturePacks/TP_Rolling.upack)
[2022.01.29-06.51.19:934][  0]LogPakFile: OnPakFileMounted2Time == 0.000088
[2022.01.29-06.51.19:938][  0]LogPakFile: PakFile PrimaryIndexSize=185
[2022.01.29-06.51.19:938][  0]LogPakFile: PakFile PathHashIndexSize=101
[2022.01.29-06.51.19:938][  0]LogPakFile: PakFile FullDirectoryIndexSize=144
[2022.01.29-06.51.19:938][  0]LogShaderLibrary: Display: ShaderCodeLibraryPakFileMountedCallback: PakFile 'C:/Program Files/Epic Games/UE_4.27/FeaturePacks/TP_RollingBP.upack' (chunk index -1, root 'root:/') mounted
[2022.01.29-06.51.19:938][  0]LogShaderLibrary: Display: ShaderCodeLibraryPakFileMountedCallback: pending pak file info (ChunkID:-1 Root:root:/ File:C:/Program Files/Epic Games/UE_4.27/FeaturePacks/TP_RollingBP.upack)
[2022.01.29-06.51.19:938][  0]LogPakFile: OnPakFileMounted2Time == 0.000083
[2022.01.29-06.51.19:941][  0]LogPakFile: PakFile PrimaryIndexSize=188
[2022.01.29-06.51.19:941][  0]LogPakFile: PakFile PathHashIndexSize=101
[2022.01.29-06.51.19:941][  0]LogPakFile: PakFile FullDirectoryIndexSize=150
[2022.01.29-06.51.19:941][  0]LogShaderLibrary: Display: ShaderCodeLibraryPakFileMountedCallback: PakFile 'C:/Program Files/Epic Games/UE_4.27/FeaturePacks/TP_SideScroller.upack' (chunk index -1, root 'root:/') mounted
[2022.01.29-06.51.19:941][  0]LogShaderLibrary: Display: ShaderCodeLibraryPakFileMountedCallback: pending pak file info (ChunkID:-1 Root:root:/ File:C:/Program Files/Epic Games/UE_4.27/FeaturePacks/TP_SideScroller.upack)
[2022.01.29-06.51.19:941][  0]LogPakFile: OnPakFileMounted2Time == 0.000107
[2022.01.29-06.51.19:943][  0]LogPakFile: PakFile PrimaryIndexSize=190
[2022.01.29-06.51.19:943][  0]LogPakFile: PakFile PathHashIndexSize=101
[2022.01.29-06.51.19:943][  0]LogPakFile: PakFile FullDirectoryIndexSize=154
[2022.01.29-06.51.19:943][  0]LogShaderLibrary: Display: ShaderCodeLibraryPakFileMountedCallback: PakFile 'C:/Program Files/Epic Games/UE_4.27/FeaturePacks/TP_SideScrollerBP.upack' (chunk index -1, root 'root:/') mounted
[2022.01.29-06.51.19:943][  0]LogShaderLibrary: Display: ShaderCodeLibraryPakFileMountedCallback: pending pak file info (ChunkID:-1 Root:root:/ File:C:/Program Files/Epic Games/UE_4.27/FeaturePacks/TP_SideScrollerBP.upack)
[2022.01.29-06.51.19:943][  0]LogPakFile: OnPakFileMounted2Time == 0.000085
[2022.01.29-06.51.19:946][  0]LogPakFile: PakFile PrimaryIndexSize=187
[2022.01.29-06.51.19:946][  0]LogPakFile: PakFile PathHashIndexSize=101
[2022.01.29-06.51.19:946][  0]LogPakFile: PakFile FullDirectoryIndexSize=148
[2022.01.29-06.51.19:946][  0]LogShaderLibrary: Display: ShaderCodeLibraryPakFileMountedCallback: PakFile 'C:/Program Files/Epic Games/UE_4.27/FeaturePacks/TP_ThirdPerson.upack' (chunk index -1, root 'root:/') mounted
[2022.01.29-06.51.19:946][  0]LogShaderLibrary: Display: ShaderCodeLibraryPakFileMountedCallback: pending pak file info (ChunkID:-1 Root:root:/ File:C:/Program Files/Epic Games/UE_4.27/FeaturePacks/TP_ThirdPerson.upack)
[2022.01.29-06.51.19:946][  0]LogPakFile: OnPakFileMounted2Time == 0.000115
[2022.01.29-06.51.19:950][  0]LogPakFile: PakFile PrimaryIndexSize=189
[2022.01.29-06.51.19:950][  0]LogPakFile: PakFile PathHashIndexSize=101
[2022.01.29-06.51.19:950][  0]LogPakFile: PakFile FullDirectoryIndexSize=152
[2022.01.29-06.51.19:950][  0]LogShaderLibrary: Display: ShaderCodeLibraryPakFileMountedCallback: PakFile 'C:/Program Files/Epic Games/UE_4.27/FeaturePacks/TP_ThirdPersonBP.upack' (chunk index -1, root 'root:/') mounted
[2022.01.29-06.51.19:950][  0]LogShaderLibrary: Display: ShaderCodeLibraryPakFileMountedCallback: pending pak file info (ChunkID:-1 Root:root:/ File:C:/Program Files/Epic Games/UE_4.27/FeaturePacks/TP_ThirdPersonBP.upack)
[2022.01.29-06.51.19:950][  0]LogPakFile: OnPakFileMounted2Time == 0.000094
[2022.01.29-06.51.19:954][  0]LogPakFile: PakFile PrimaryIndexSize=183
[2022.01.29-06.51.19:954][  0]LogPakFile: PakFile PathHashIndexSize=101
[2022.01.29-06.51.19:954][  0]LogPakFile: PakFile FullDirectoryIndexSize=140
[2022.01.29-06.51.19:954][  0]LogShaderLibrary: Display: ShaderCodeLibraryPakFileMountedCallback: PakFile 'C:/Program Files/Epic Games/UE_4.27/FeaturePacks/TP_TopDown.upack' (chunk index -1, root 'root:/') mounted
[2022.01.29-06.51.19:954][  0]LogShaderLibrary: Display: ShaderCodeLibraryPakFileMountedCallback: pending pak file info (ChunkID:-1 Root:root:/ File:C:/Program Files/Epic Games/UE_4.27/FeaturePacks/TP_TopDown.upack)
[2022.01.29-06.51.19:954][  0]LogPakFile: OnPakFileMounted2Time == 0.000128
[2022.01.29-06.51.19:956][  0]LogPakFile: PakFile PrimaryIndexSize=185
[2022.01.29-06.51.19:956][  0]LogPakFile: PakFile PathHashIndexSize=101
[2022.01.29-06.51.19:956][  0]LogPakFile: PakFile FullDirectoryIndexSize=144
[2022.01.29-06.51.19:956][  0]LogShaderLibrary: Display: ShaderCodeLibraryPakFileMountedCallback: PakFile 'C:/Program Files/Epic Games/UE_4.27/FeaturePacks/TP_TopDownBP.upack' (chunk index -1, root 'root:/') mounted
[2022.01.29-06.51.19:957][  0]LogShaderLibrary: Display: ShaderCodeLibraryPakFileMountedCallback: pending pak file info (ChunkID:-1 Root:root:/ File:C:/Program Files/Epic Games/UE_4.27/FeaturePacks/TP_TopDownBP.upack)
[2022.01.29-06.51.19:957][  0]LogPakFile: OnPakFileMounted2Time == 0.000111
[2022.01.29-06.51.19:959][  0]LogPakFile: PakFile PrimaryIndexSize=185
[2022.01.29-06.51.19:959][  0]LogPakFile: PakFile PathHashIndexSize=101
[2022.01.29-06.51.19:959][  0]LogPakFile: PakFile FullDirectoryIndexSize=144
[2022.01.29-06.51.19:959][  0]LogShaderLibrary: Display: ShaderCodeLibraryPakFileMountedCallback: PakFile 'C:/Program Files/Epic Games/UE_4.27/FeaturePacks/TP_TwinStick.upack' (chunk index -1, root 'root:/') mounted
[2022.01.29-06.51.19:959][  0]LogShaderLibrary: Display: ShaderCodeLibraryPakFileMountedCallback: pending pak file info (ChunkID:-1 Root:root:/ File:C:/Program Files/Epic Games/UE_4.27/FeaturePacks/TP_TwinStick.upack)
[2022.01.29-06.51.19:959][  0]LogPakFile: OnPakFileMounted2Time == 0.000112
[2022.01.29-06.51.19:962][  0]LogPakFile: PakFile PrimaryIndexSize=187
[2022.01.29-06.51.19:962][  0]LogPakFile: PakFile PathHashIndexSize=101
[2022.01.29-06.51.19:962][  0]LogPakFile: PakFile FullDirectoryIndexSize=148
[2022.01.29-06.51.19:962][  0]LogShaderLibrary: Display: ShaderCodeLibraryPakFileMountedCallback: PakFile 'C:/Program Files/Epic Games/UE_4.27/FeaturePacks/TP_TwinStickBP.upack' (chunk index -1, root 'root:/') mounted
[2022.01.29-06.51.19:962][  0]LogShaderLibrary: Display: ShaderCodeLibraryPakFileMountedCallback: pending pak file info (ChunkID:-1 Root:root:/ File:C:/Program Files/Epic Games/UE_4.27/FeaturePacks/TP_TwinStickBP.upack)
[2022.01.29-06.51.19:962][  0]LogPakFile: OnPakFileMounted2Time == 0.000082
[2022.01.29-06.51.19:964][  0]LogPakFile: PakFile PrimaryIndexSize=183
[2022.01.29-06.51.19:965][  0]LogPakFile: PakFile PathHashIndexSize=101
[2022.01.29-06.51.19:965][  0]LogPakFile: PakFile FullDirectoryIndexSize=140
[2022.01.29-06.51.19:965][  0]LogShaderLibrary: Display: ShaderCodeLibraryPakFileMountedCallback: PakFile 'C:/Program Files/Epic Games/UE_4.27/FeaturePacks/TP_Vehicle.upack' (chunk index -1, root 'root:/') mounted
[2022.01.29-06.51.19:965][  0]LogShaderLibrary: Display: ShaderCodeLibraryPakFileMountedCallback: pending pak file info (ChunkID:-1 Root:root:/ File:C:/Program Files/Epic Games/UE_4.27/FeaturePacks/TP_Vehicle.upack)
[2022.01.29-06.51.19:965][  0]LogPakFile: OnPakFileMounted2Time == 0.000267
[2022.01.29-06.51.19:969][  0]LogPakFile: PakFile PrimaryIndexSize=186
[2022.01.29-06.51.19:969][  0]LogPakFile: PakFile PathHashIndexSize=101
[2022.01.29-06.51.19:969][  0]LogPakFile: PakFile FullDirectoryIndexSize=146
[2022.01.29-06.51.19:969][  0]LogShaderLibrary: Display: ShaderCodeLibraryPakFileMountedCallback: PakFile 'C:/Program Files/Epic Games/UE_4.27/FeaturePacks/TP_VehicleAdv.upack' (chunk index -1, root 'root:/') mounted
[2022.01.29-06.51.19:969][  0]LogShaderLibrary: Display: ShaderCodeLibraryPakFileMountedCallback: pending pak file info (ChunkID:-1 Root:root:/ File:C:/Program Files/Epic Games/UE_4.27/FeaturePacks/TP_VehicleAdv.upack)
[2022.01.29-06.51.19:969][  0]LogPakFile: OnPakFileMounted2Time == 0.000082
[2022.01.29-06.51.19:972][  0]LogPakFile: PakFile PrimaryIndexSize=188
[2022.01.29-06.51.19:972][  0]LogPakFile: PakFile PathHashIndexSize=101
[2022.01.29-06.51.19:972][  0]LogPakFile: PakFile FullDirectoryIndexSize=150
[2022.01.29-06.51.19:972][  0]LogShaderLibrary: Display: ShaderCodeLibraryPakFileMountedCallback: PakFile 'C:/Program Files/Epic Games/UE_4.27/FeaturePacks/TP_VehicleAdvBP.upack' (chunk index -1, root 'root:/') mounted
[2022.01.29-06.51.19:972][  0]LogShaderLibrary: Display: ShaderCodeLibraryPakFileMountedCallback: pending pak file info (ChunkID:-1 Root:root:/ File:C:/Program Files/Epic Games/UE_4.27/FeaturePacks/TP_VehicleAdvBP.upack)
[2022.01.29-06.51.19:972][  0]LogPakFile: OnPakFileMounted2Time == 0.000120
[2022.01.29-06.51.19:975][  0]LogPakFile: PakFile PrimaryIndexSize=185
[2022.01.29-06.51.19:975][  0]LogPakFile: PakFile PathHashIndexSize=101
[2022.01.29-06.51.19:975][  0]LogPakFile: PakFile FullDirectoryIndexSize=144
[2022.01.29-06.51.19:975][  0]LogShaderLibrary: Display: ShaderCodeLibraryPakFileMountedCallback: PakFile 'C:/Program Files/Epic Games/UE_4.27/FeaturePacks/TP_VehicleBP.upack' (chunk index -1, root 'root:/') mounted
[2022.01.29-06.51.19:975][  0]LogShaderLibrary: Display: ShaderCodeLibraryPakFileMountedCallback: pending pak file info (ChunkID:-1 Root:root:/ File:C:/Program Files/Epic Games/UE_4.27/FeaturePacks/TP_VehicleBP.upack)
[2022.01.29-06.51.19:975][  0]LogPakFile: OnPakFileMounted2Time == 0.000084
[2022.01.29-06.51.19:977][  0]LogPakFile: PakFile PrimaryIndexSize=192
[2022.01.29-06.51.19:977][  0]LogPakFile: PakFile PathHashIndexSize=101
[2022.01.29-06.51.19:977][  0]LogPakFile: PakFile FullDirectoryIndexSize=158
[2022.01.29-06.51.19:978][  0]LogShaderLibrary: Display: ShaderCodeLibraryPakFileMountedCallback: PakFile 'C:/Program Files/Epic Games/UE_4.27/FeaturePacks/TP_VirtualRealityBP.upack' (chunk index -1, root 'root:/') mounted
[2022.01.29-06.51.19:978][  0]LogShaderLibrary: Display: ShaderCodeLibraryPakFileMountedCallback: pending pak file info (ChunkID:-1 Root:root:/ File:C:/Program Files/Epic Games/UE_4.27/FeaturePacks/TP_VirtualRealityBP.upack)
[2022.01.29-06.51.19:978][  0]LogPakFile: OnPakFileMounted2Time == 0.000110
[2022.01.29-06.51.20:203][  0]LogNativeClassHierarchy: Verbose: Native class hierarchy updated for 'AddContentDialog' in 0.0005 seconds. Added 0 classes and 0 folders.
[2022.01.29-06.51.20:205][  0]LogNativeClassHierarchy: Verbose: Native class hierarchy updated for 'SceneOutliner' in 0.0005 seconds. Added 2 classes and 0 folders.
[2022.01.29-06.51.20:297][  0]LogSlate: Took 0.000240 seconds to synchronously load lazily loaded font '../../../Engine/Content/Slate/Fonts/Roboto-Regular.ttf' (155K)
[2022.01.29-06.51.20:301][  0]LogSlate: Took 0.000819 seconds to synchronously load lazily loaded font '../../../Engine/Content/Editor/Slate/Fonts/FontAwesome.ttf' (139K)
[2022.01.29-06.51.20:303][  0]LogSlate: Took 0.000203 seconds to synchronously load lazily loaded font '../../../Engine/Content/Slate/Fonts/Roboto-Bold.ttf' (160K)
[2022.01.29-06.51.20:595][  0]LogRenderer: Reallocating scene render targets to support 712x372 Format 10 NumSamples 1 (Frame:1).
[2022.01.29-06.51.20:907][  0]LogNativeClassHierarchy: Verbose: Native class hierarchy updated for 'HierarchicalLODOutliner' in 0.0006 seconds. Added 0 classes and 0 folders.
[2022.01.29-06.51.20:907][  0]LogLoad: (Engine Initialization) Total time: 19.33 seconds
[2022.01.29-06.51.20:908][  0]LogLoad: (Engine Initialization) Total Blueprint compile time: 0.00 seconds
[2022.01.29-06.51.20:983][  0]LogContentStreaming: Texture pool size now 1000 MB
[2022.01.29-06.51.21:264][  0]LogSlate: Took 0.000802 seconds to synchronously load lazily loaded font '../../../Engine/Content/Slate/Fonts/DroidSansMono.ttf' (77K)
[2022.01.29-06.51.21:327][  1]LogAssetRegistry: Asset discovery search completed in 12.1842 seconds
[2022.01.29-06.51.21:346][  1]LogCollectionManager: Fixed up redirectors for 0 collections in 0.000007 seconds (updated 0 objects)
[2022.01.29-06.51.21:476][  2]LogSlate: Took 0.001220 seconds to synchronously load lazily loaded font '../../../Engine/Content/Slate/Fonts/Roboto-Light.ttf' (167K)
[2022.01.29-06.51.32:428][269]LogSlate: Window 'Message Log' being destroyed
[2022.01.29-06.51.32:434][269]LogSlate: Window 'Message Log' being destroyed
[2022.01.29-06.51.36:622][386]LogSlate: Took 0.000319 seconds to synchronously load lazily loaded font '../../../Engine/Content/Slate/Fonts/Roboto-Light.ttf' (167K)
[2022.01.29-06.52.20:459][655]LogEditorViewport: Clicking on Actor (context menu): StaticMeshActor (Floor)
[2022.01.29-06.52.20:911][662]LogEditorViewport: Clicking on Actor (LMB): StaticMeshActor (Floor)
[2022.01.29-06.52.21:220][671]LogEngine: Error: Requested reflection capture cube size of 1024 with 3 elements results in too large a resource for host machine, limiting reflection capture cube size to 512
[2022.01.29-06.52.21:325][673]LogRenderer: Reallocating scene render targets to support 712x512 Format 10 NumSamples 1 (Frame:1627).
[2022.01.29-06.52.21:595][673]LogWindows: Windows GetLastError: The operation completed successfully. (0)
[2022.01.29-06.52.24:604][673]LogOutputDevice: Warning: 

Script Stack (0 frames):

[2022.01.29-06.52.24:604][673]LogWindows: Windows GetLastError: The operation completed successfully. (0)
[2022.01.29-06.52.24:608][673]LogWindows: Error: === Critical error: ===
[2022.01.29-06.52.24:608][673]LogWindows: Error: 
[2022.01.29-06.52.24:608][673]LogWindows: Error: Fatal error: [File:D:/Build/++UE4/Sync/Engine/Source/Runtime/RenderCore/Private/RenderingThread.cpp] [Line: 902] 
[2022.01.29-06.52.24:608][673]LogWindows: Error: Rendering thread exception:
[2022.01.29-06.52.24:608][673]LogWindows: Error: Assertion failed: CaptureData->CubemapSize == Scene->ReflectionSceneData.CubemapArray.GetCubemapSize() [File:D:/Build/++UE4/Sync/Engine/Source/Runtime/Renderer/Private/ReflectionEnvironmentCapture.cpp] [Line: 1171] 
[2022.01.29-06.52.24:608][673]LogWindows: Error: 
[2022.01.29-06.52.24:609][673]LogWindows: Error: 
[2022.01.29-06.52.24:609][673]LogWindows: Error: 
[2022.01.29-06.52.24:609][673]LogWindows: Error: [Callstack] 0x00007ffcfd0a4f69 KERNELBASE.dll!UnknownFunction []
[2022.01.29-06.52.24:609][673]LogWindows: Error: [Callstack] 0x00007ffcb5860216 UE4Editor-Core.dll!UnknownFunction []
[2022.01.29-06.52.24:609][673]LogWindows: Error: [Callstack] 0x00007ffcb5864218 UE4Editor-Core.dll!UnknownFunction []
[2022.01.29-06.52.24:609][673]LogWindows: Error: [Callstack] 0x00007ffcb558242d UE4Editor-Core.dll!UnknownFunction []
[2022.01.29-06.52.24:609][673]LogWindows: Error: [Callstack] 0x00007ffcb54d6a45 UE4Editor-Core.dll!UnknownFunction []
[2022.01.29-06.52.24:609][673]LogWindows: Error: [Callstack] 0x00007ffcb54d80a0 UE4Editor-Core.dll!UnknownFunction []
[2022.01.29-06.52.24:609][673]LogWindows: Error: [Callstack] 0x00007ffca27ba3e1 UE4Editor-Renderer.dll!UnknownFunction []
[2022.01.29-06.52.24:609][673]LogWindows: Error: [Callstack] 0x00007ffca2739abb UE4Editor-Renderer.dll!UnknownFunction []
[2022.01.29-06.52.24:609][673]LogWindows: Error: [Callstack] 0x00007ffca2768c6d UE4Editor-Renderer.dll!UnknownFunction []
[2022.01.29-06.52.24:609][673]LogWindows: Error: [Callstack] 0x00007ffca278605c UE4Editor-Renderer.dll!UnknownFunction []
[2022.01.29-06.52.24:609][673]LogWindows: Error: [Callstack] 0x00007ffcb52e2398 UE4Editor-Core.dll!UnknownFunction []
[2022.01.29-06.52.24:609][673]LogWindows: Error: [Callstack] 0x00007ffcb52e27ce UE4Editor-Core.dll!UnknownFunction []
[2022.01.29-06.52.24:609][673]LogWindows: Error: [Callstack] 0x00007ffcee809c67 UE4Editor-RenderCore.dll!UnknownFunction []
[2022.01.29-06.52.24:609][673]LogWindows: Error: [Callstack] 0x00007ffcee812f34 UE4Editor-RenderCore.dll!UnknownFunction []
[2022.01.29-06.52.24:609][673]LogWindows: Error: [Callstack] 0x00007ffcb587ff0b UE4Editor-Core.dll!UnknownFunction []
[2022.01.29-06.52.24:609][673]LogWindows: Error: [Callstack] 0x00007ffcb5877050 UE4Editor-Core.dll!UnknownFunction []
[2022.01.29-06.52.24:609][673]LogWindows: Error: [Callstack] 0x00007ffcfe8b7034 KERNEL32.DLL!UnknownFunction []
[2022.01.29-06.52.24:609][673]LogWindows: Error: [Callstack] 0x00007ffcff462651 ntdll.dll!UnknownFunction []
[2022.01.29-06.52.24:609][673]LogWindows: Error: 
[2022.01.29-06.52.24:609][673]LogWindows: Error: 
[2022.01.29-06.52.24:609][673]LogWindows: Error: 
[2022.01.29-06.52.24:609][673]LogWindows: Error: 
[2022.01.29-06.52.24:614][673]LogExit: Executing StaticShutdownAfterError
[2022.01.29-06.52.24:635][673]LogWindows: FPlatformMisc::RequestExit(1)
[2022.01.29-06.52.24:635][673]LogWindows: FPlatformMisc::RequestExitWithStatus(1, 3)
[2022.01.29-06.52.24:635][673]LogCore: Engine exit requested (reason: Win RequestExit)
[2022.01.29-06.52.24:644][673]Log file closed, 01/29/22 01:52:24
